#
# There is insufficient memory for the Java Runtime Environment to continue.
# Native memory allocation (malloc) failed to allocate 1330392 bytes. Error detail: Chunk::new
# Possible reasons:
#   The system is out of physical RAM or swap space
#   This process is running with CompressedOops enabled, and the Java Heap may be blocking the growth of the native heap
# Possible solutions:
#   Reduce memory load on the system
#   Increase physical memory or swap space
#   Check if swap backing store is full
#   Decrease Java heap size (-Xmx/-Xms)
#   Decrease number of Java threads
#   Decrease Java thread stack sizes (-Xss)
#   Set larger code cache with -XX:ReservedCodeCacheSize=
#   JVM is running with Unscaled Compressed Oops mode in which the Java heap is
#     placed in the first 4GB address space. The Java Heap base address is the
#     maximum limit for the native heap growth. Please use -XX:HeapBaseMinAddress
#     to set the Java Heap base and to place the Java Heap above 4GB virtual address.
# This output file may be truncated or incomplete.
#
#  Out of Memory Error (arena.cpp:186), pid=20656, tid=14304
#
# JRE version: Java(TM) SE Runtime Environment (25.0.2+10) (build 25.0.2+10-LTS-69)
# Java VM: Java HotSpot(TM) 64-Bit Server VM (25.0.2+10-LTS-69, mixed mode, sharing, tiered, compressed oops, compressed class ptrs, g1 gc, windows-amd64)
# No core dump will be written. Minidumps are not enabled by default on client versions of Windows
#

---------------  S U M M A R Y ------------

Command Line: -Dapplication.home=C:\Program Files\Java\jdk-25.0.2 --add-modules=ALL-DEFAULT -Xms8m -Djdk.module.main=jdk.compiler jdk.compiler/com.sun.tools.javac.Main EmployeeDetails.java EmployeeVector.java

Host: Intel(R) Core(TM) i5-8350U CPU @ 1.70GHz, 8 cores, 7G,  Windows 11 , 64 bit Build 26100 (10.0.26100.8737)
Time: Tue Jul 14 23:30:18 2026 India Standard Time elapsed time: 0.199990 seconds (0d 0h 0m 0s)

---------------  T H R E A D  ---------------

Current thread (0x000001d6f217f080):  JavaThread "C2 CompilerThread1" daemon [_thread_in_native, id=14304, stack(0x0000007fe7b00000,0x0000007fe7c00000) (1024K)]


Current CompileTask:
C2:200  459       4       java.lang.StringLatin1::replace (197 bytes)

Stack: [0x0000007fe7b00000,0x0000007fe7c00000]
Native frames: (J=compiled Java code, j=interpreted, Vv=VM code, C=native code)
V  [jvm.dll+0x7a70f9]  (no source info available)
V  [jvm.dll+0x772d6d]  (no source info available)
V  [jvm.dll+0x965d53]  (no source info available)
V  [jvm.dll+0x968351]  (no source info available)
V  [jvm.dll+0x968a63]  (no source info available)
V  [jvm.dll+0x2fc846]  (no source info available)
V  [jvm.dll+0x111b16]  (no source info available)
V  [jvm.dll+0x111e3e]  (no source info available)
V  [jvm.dll+0x1a0872]  (no source info available)
V  [jvm.dll+0x3b54c2]  (no source info available)
V  [jvm.dll+0x7aca8f]  (no source info available)
V  [jvm.dll+0x2c0b97]  (no source info available)
V  [jvm.dll+0x2bfb5f]  (no source info available)
V  [jvm.dll+0x2379a0]  (no source info available)
V  [jvm.dll+0x2cfc86]  (no source info available)
V  [jvm.dll+0x2cdf05]  (no source info available)
V  [jvm.dll+0x48e9d1]  (no source info available)
V  [jvm.dll+0x906fcd]  (no source info available)
V  [jvm.dll+0x7a56d5]  (no source info available)
C  [ucrtbase.dll+0x2cd30]  (no source info available)
C  [KERNEL32.DLL+0x2e957]  (no source info available)
C  [ntdll.dll+0xaad6c]  (no source info available)

Lock stack of current Java thread (top to bottom):


---------------  P R O C E S S  ---------------

Threads class SMR info:
_java_thread_list=0x000001d6f22a9b00, length=12, elements={
0x000001d6cecfdeb0, 0x000001d6ede0ae90, 0x000001d6ede0d900, 0x000001d6ede0fc10,
0x000001d6ede10a50, 0x000001d6ede13620, 0x000001d6ede141e0, 0x000001d6ede17210,
0x000001d6ede33690, 0x000001d6f214ba60, 0x000001d6f217f080, 0x000001d6f218c4e0
}

Java Threads: ( => current thread )
  0x000001d6cecfdeb0 JavaThread "main"                              [_thread_in_vm, id=1672, stack(0x0000007fe6a00000,0x0000007fe6b00000) (1024K)]
  0x000001d6ede0ae90 JavaThread "Reference Handler"          daemon [_thread_blocked, id=3088, stack(0x0000007fe7200000,0x0000007fe7300000) (1024K)]
  0x000001d6ede0d900 JavaThread "Finalizer"                  daemon [_thread_blocked, id=20328, stack(0x0000007fe7300000,0x0000007fe7400000) (1024K)]
  0x000001d6ede0fc10 JavaThread "Signal Dispatcher"          daemon [_thread_blocked, id=21024, stack(0x0000007fe7400000,0x0000007fe7500000) (1024K)]
  0x000001d6ede10a50 JavaThread "Attach Listener"            daemon [_thread_blocked, id=17752, stack(0x0000007fe7500000,0x0000007fe7600000) (1024K)]
  0x000001d6ede13620 JavaThread "Service Thread"             daemon [_thread_blocked, id=18268, stack(0x0000007fe7600000,0x0000007fe7700000) (1024K)]
  0x000001d6ede141e0 JavaThread "Monitor Deflation Thread"   daemon [_thread_blocked, id=19836, stack(0x0000007fe7700000,0x0000007fe7800000) (1024K)]
  0x000001d6ede17210 JavaThread "C2 CompilerThread0"         daemon [_thread_blocked, id=17736, stack(0x0000007fe7800000,0x0000007fe7900000) (1024K)]
  0x000001d6ede33690 JavaThread "C1 CompilerThread0"         daemon [_thread_blocked, id=11236, stack(0x0000007fe7900000,0x0000007fe7a00000) (1024K)]
  0x000001d6f214ba60 JavaThread "Notification Thread"        daemon [_thread_blocked, id=5808, stack(0x0000007fe7a00000,0x0000007fe7b00000) (1024K)]
=>0x000001d6f217f080 JavaThread "C2 CompilerThread1"         daemon [_thread_in_native, id=14304, stack(0x0000007fe7b00000,0x0000007fe7c00000) (1024K)]
  0x000001d6f218c4e0 JavaThread "Common-Cleaner"             daemon [_thread_blocked, id=17980, stack(0x0000007fe7c00000,0x0000007fe7d00000) (1024K)]
Total: 12

Other Threads:
  0x000001d6edcc7e40 VMThread "VM Thread"                           [id=9744, stack(0x0000007fe7100000,0x0000007fe7200000) (1024K)]
  0x000001d6eddeb2a0 WatcherThread "VM Periodic Task Thread"        [id=13916, stack(0x0000007fe7000000,0x0000007fe7100000) (1024K)]
  0x000001d6d11760c0 WorkerThread "GC Thread#0"                     [id=12880, stack(0x0000007fe6b00000,0x0000007fe6c00000) (1024K)]
  0x000001d6edcc5bc0 WorkerThread "GC Thread#1"                     [id=8152, stack(0x0000007fe7d00000,0x0000007fe7e00000) (1024K)]
  0x000001d6d118fa20 ConcurrentGCThread "G1 Main Marker"            [id=12688, stack(0x0000007fe6c00000,0x0000007fe6d00000) (1024K)]
  0x000001d6d1191570 WorkerThread "G1 Conc#0"                       [id=10604, stack(0x0000007fe6d00000,0x0000007fe6e00000) (1024K)]
  0x000001d6d11d1110 ConcurrentGCThread "G1 Refine#0"               [id=18956, stack(0x0000007fe6e00000,0x0000007fe6f00000) (1024K)]
  0x000001d6d11d5450 ConcurrentGCThread "G1 Service"                [id=21332, stack(0x0000007fe6f00000,0x0000007fe7000000) (1024K)]
Total: 8

Threads with active compile tasks:
C2 CompilerThread1  275  459       4       java.lang.StringLatin1::replace (197 bytes)
Total: 1

VM state: not at safepoint (normal execution)

VM Mutex/Monitor currently owned by a thread:  ([mutex/lock_event])
[0x00007fff358873e8] Metaspace_lock - owner thread: 0x000001d6cecfdeb0

Heap address: 0x0000000082200000, size: 2014 MB, Compressed Oops mode: 32-bit

CDS archive(s) mapped at: [0x0000000010000000-0x0000000010dd0000-0x0000000010dd0000), size 14483456, SharedBaseAddress: 0x0000000010000000, ArchiveRelocationMode: 1.
Compressed class space mapped at: 0x0000000011000000-0x0000000051000000, reserved size: 1073741824
UseCompressedClassPointers 1, UseCompactObjectHeaders 0
Narrow klass pointer bits 32, Max shift 3
Narrow klass base: 0x0000000010000000, Narrow klass shift: 0
Encoding Range: [0x0000000010000000 - 0x0000000110000000), (4294967296 bytes)
Klass Range:    [0x0000000010010000 - 0x0000000051000000), (1090453504 bytes)
Klass ID Range:  [65536 - 1090519033) (1090453497)
Protection zone: [0x0000000010000000 - 0x0000000010010000), (65536 bytes)

GC Precious Log:
 CardTable entry size: 512
 Card Set container configuration: InlinePtr #cards 5 size 8 Array Of Cards #cards 10 size 36 Howl #buckets 4 coarsen threshold 1843 Howl Bitmap #cards 512 size 80 coarsen threshold 460 Card regions per heap region 1 cards per card region 2048
 CPUs: 8 total, 8 available
 Memory: 8050M
 Large Page Support: Disabled
 NUMA Support: Disabled
 Compressed Oops: Enabled (32-bit)
 Heap Region Size: 1M
 Heap Min Capacity: 8M
 Heap Initial Capacity: 8M
 Heap Max Capacity: 2014M
 Pre-touch: Disabled
 Parallel Workers: 8
 Concurrent Workers: 2
 Concurrent Refinement Workers: 8
 Periodic GC: Disabled

Heap:
 garbage-first heap   total reserved 2062336K, committed 10240K, used 2261K [0x0000000082200000, 0x0000000100000000)
  region size 1024K, 2 young (2048K), 1 survivors (1024K)

Heap Regions: E=young(eden), S=young(survivor), O=old, HS=humongous(starts), HC=humongous(continues), CS=collection set, F=free, TAMS=top-at-mark-start, PB=parsable bottom
|   0|0x0000000082200000, 0x0000000082210000, 0x0000000082300000|  6%| O|  |TAMS 0x0000000082200000| PB 0x0000000082200000| Untracked |  0
|   1|0x0000000082300000, 0x0000000082300000, 0x0000000082400000|  0%| F|  |TAMS 0x0000000082300000| PB 0x0000000082300000| Untracked |  0
|   2|0x0000000082400000, 0x0000000082400000, 0x0000000082500000|  0%| F|  |TAMS 0x0000000082400000| PB 0x0000000082400000| Untracked |  0
|   3|0x0000000082500000, 0x0000000082600000, 0x0000000082600000|100%| S|CS|TAMS 0x0000000082500000| PB 0x0000000082500000| Complete |  0
|   4|0x0000000082600000, 0x0000000082600000, 0x0000000082700000|  0%| F|  |TAMS 0x0000000082600000| PB 0x0000000082600000| Untracked |  0
|   5|0x0000000082700000, 0x0000000082700000, 0x0000000082800000|  0%| F|  |TAMS 0x0000000082700000| PB 0x0000000082700000| Untracked |  0
|   6|0x0000000082800000, 0x0000000082800000, 0x0000000082900000|  0%| F|  |TAMS 0x0000000082800000| PB 0x0000000082800000| Untracked |  0
|   7|0x0000000082900000, 0x000000008297ea38, 0x0000000082a00000| 49%| E|  |TAMS 0x0000000082900000| PB 0x0000000082900000| Complete |  0
|2012|0x00000000ffe00000, 0x00000000fff00000, 0x00000000fff00000|100%| O|  |TAMS 0x00000000ffe00000| PB 0x00000000ffe00000| Untracked |  0
|2013|0x00000000fff00000, 0x00000000fff257b8, 0x0000000100000000| 14%| O|  |TAMS 0x00000000fff00000| PB 0x00000000fff00000| Untracked |  0

Card table byte_map: [0x000001d6e90d0000,0x000001d6e94c0000] _byte_map_base: 0x000001d6e8cbf000

Marking Bits: (CMBitMap*) 0x000001d6d1176850
 Bits: [0x000001d6e94c0000, 0x000001d6eb438000)

Polling page: 0x000001d6cf210000

Metaspace:
Metaspace        used 4179K, committed 4352K, reserved 1114112K
 class space     used 537K, committed 576K, reserved 1048576K

Usage:
  Non-class:      3.56 MB used.
      Class:    537.74 KB used.
       Both:      4.08 MB used.

Virtual space:
  Non-class space:       64.00 MB reserved,       3.69 MB (  6%) committed,  1 nodes.
      Class space:        1.00 GB reserved,     576.00 KB ( <1%) committed,  1 nodes.
             Both:        1.06 GB reserved,       4.25 MB ( <1%) committed. 

Chunk freelists:
   Non-Class:  9.11 MB
       Class:  15.23 MB
        Both:  24.34 MB

MaxMetaspaceSize: unlimited
CompressedClassSpaceSize: 1.00 GB
Initial GC threshold: 21.00 MB
Current GC threshold: 21.00 MB
CDS: on
 - commit_granule_bytes: 65536.
 - commit_granule_words: 8192.
 - virtual_space_node_default_size: 8388608.
 - enlarge_chunks_in_place: 1.
UseCompressedClassPointers 1, UseCompactObjectHeaders 0
Narrow klass pointer bits 32, Max shift 3
Narrow klass base: 0x0000000010000000, Narrow klass shift: 0
Encoding Range: [0x0000000010000000 - 0x0000000110000000), (4294967296 bytes)
Klass Range:    [0x0000000010010000 - 0x0000000051000000), (1090453504 bytes)
Klass ID Range:  [65536 - 1090519033) (1090453497)
Protection zone: [0x0000000010000000 - 0x0000000010010000), (65536 bytes)


Internal statistics:

num_allocs_failed_limit: 0.
num_arena_births: 30.
num_arena_deaths: 0.
num_vsnodes_births: 2.
num_vsnodes_deaths: 0.
num_space_committed: 68.
num_space_uncommitted: 0.
num_chunks_returned_to_freelist: 0.
num_chunks_taken_from_freelist: 179.
num_chunk_merges: 0.
num_chunk_splits: 126.
num_chunks_enlarged: 92.
num_inconsistent_stats: 0.

CodeHeap 'non-profiled nmethods': size=120064Kb used=157Kb max_used=157Kb free=119906Kb
 bounds [0x000001d6e1470000, 0x000001d6e16e0000, 0x000001d6e89b0000]
CodeHeap 'profiled nmethods': size=120000Kb used=605Kb max_used=605Kb free=119394Kb
 bounds [0x000001d6d99b0000, 0x000001d6d9c20000, 0x000001d6e0ee0000]
CodeHeap 'non-nmethods': size=5696Kb used=1281Kb max_used=1296Kb free=4414Kb
 bounds [0x000001d6e0ee0000, 0x000001d6e1150000, 0x000001d6e1470000]
CodeCache: size=245760Kb, used=2043Kb, max_used=2058Kb, free=243714Kb
 total_blobs=926, nmethods=526, adapters=303, full_count=0
Compilation: enabled, stopped_count=0, restarted_count=0

Compilation events (20 events):
Event: 0.172 Thread 0x000001d6ede33690 nmethod 449 0x000001d6d9a28a88 code [0x000001d6d9a28b80, 0x000001d6d9a28cd8]
Event: 0.173 Thread 0x000001d6ede33690  450       3       jdk.internal.jimage.ImageLocation::getCompressedSize (7 bytes)
Event: 0.173 Thread 0x000001d6ede33690 nmethod 450 0x000001d6d9a28d88 code [0x000001d6d9a28e80, 0x000001d6d9a28fd8]
Event: 0.173 Thread 0x000001d6ede33690  451       3       jdk.internal.jimage.ImageLocation::getUncompressedSize (7 bytes)
Event: 0.173 Thread 0x000001d6ede33690 nmethod 451 0x000001d6d9a29088 code [0x000001d6d9a29180, 0x000001d6d9a292d8]
Event: 0.173 Thread 0x000001d6ede33690  452   !   3       jdk.internal.jimage.BasicImageReader::readBuffer (238 bytes)
Event: 0.173 Thread 0x000001d6ede33690 nmethod 452 0x000001d6d9a29388 code [0x000001d6d9a29480, 0x000001d6d9a2a578]
Event: 0.173 Thread 0x000001d6ede33690  454       3       java.security.SecureClassLoader$CodeSourceKey::equals (60 bytes)
Event: 0.173 Thread 0x000001d6ede33690 nmethod 454 0x000001d6d9a2a608 code [0x000001d6d9a2a700, 0x000001d6d9a2acd0]
Event: 0.173 Thread 0x000001d6ede33690  455       3       java.security.CodeSource::matchCerts (254 bytes)
Event: 0.174 Thread 0x000001d6ede33690 nmethod 455 0x000001d6d9a2ad08 code [0x000001d6d9a2ae00, 0x000001d6d9a2b840]
Event: 0.174 Thread 0x000001d6ede33690  453   !   3       java.lang.ClassLoader::addClass (27 bytes)
Event: 0.174 Thread 0x000001d6ede33690 nmethod 453 0x000001d6d9a2b888 code [0x000001d6d9a2b980, 0x000001d6d9a2bf98]
Event: 0.176 Thread 0x000001d6ede33690  456       3       jdk.internal.loader.BuiltinClassLoader::moduleReaderFor (45 bytes)
Event: 0.176 Thread 0x000001d6ede33690 nmethod 456 0x000001d6d9a2c008 code [0x000001d6d9a2c100, 0x000001d6d9a2c790]
Event: 0.177 Thread 0x000001d6ede33690  457       3       java.security.CodeSource::<init> (52 bytes)
Event: 0.177 Thread 0x000001d6ede33690 nmethod 457 0x000001d6d9a2c808 code [0x000001d6d9a2c900, 0x000001d6d9a2cde8]
Event: 0.177 Thread 0x000001d6ede33690  458       3       java.security.SecureClassLoader::defineClass (12 bytes)
Event: 0.177 Thread 0x000001d6ede33690 nmethod 458 0x000001d6d9a2ce08 code [0x000001d6d9a2cf00, 0x000001d6d9a2d110]
Event: 0.179 Thread 0x000001d6f217f080  459       4       java.lang.StringLatin1::replace (197 bytes)

GC Heap Usage History (1 events):
Event: 0.195 {heap Before GC invocations=0 (full 0):
 garbage-first heap   total reserved 2062336K, committed 10240K, used 5269K [0x0000000082200000, 0x0000000100000000)
  region size 1024K, 4 young (4096K), 0 survivors (0K)
}

Metaspace Usage History (1 events):
Event: 0.195 {metaspace Before GC invocations=0 (full 0):
 Metaspace       used 3384K, committed 3520K, reserved 1114112K
  class space    used 451K, committed 512K, reserved 1048576K
}

Dll operation events (4 events):
Event: 0.011 Loaded shared library C:\Program Files\Java\jdk-25.0.2\bin\java.dll
Event: 0.066 Loaded shared library C:\Program Files\Java\jdk-25.0.2\bin\jimage.dll
Event: 0.121 Loaded shared library C:\Program Files\Java\jdk-25.0.2\bin\net.dll
Event: 0.124 Loaded shared library C:\Program Files\Java\jdk-25.0.2\bin\nio.dll

Deoptimization events (20 events):
Event: 0.117 Thread 0x000001d6cecfdeb0 Uncommon trap: trap_request=0xffffffc6 fr.pc=0x000001d6e1484f74 relative=0x00000000000008f4
Event: 0.117 Thread 0x000001d6cecfdeb0 Uncommon trap: reason=bimorphic_or_optimized_type_check action=maybe_recompile pc=0x000001d6e1484f74 method=java.util.HashMap.putVal(ILjava/lang/Object;Ljava/lang/Object;ZZ)Ljava/lang/Object; @ 56 c2
Event: 0.117 Thread 0x000001d6cecfdeb0 DEOPT PACKING pc=0x000001d6e1484f74 sp=0x0000007fe6afe940
Event: 0.117 Thread 0x000001d6cecfdeb0 DEOPT UNPACKING pc=0x000001d6e0fff582 sp=0x0000007fe6afe8a8 mode 2
Event: 0.117 Thread 0x000001d6cecfdeb0 Uncommon trap: trap_request=0xffffffc6 fr.pc=0x000001d6e1484f74 relative=0x00000000000008f4
Event: 0.117 Thread 0x000001d6cecfdeb0 Uncommon trap: reason=bimorphic_or_optimized_type_check action=maybe_recompile pc=0x000001d6e1484f74 method=java.util.HashMap.putVal(ILjava/lang/Object;Ljava/lang/Object;ZZ)Ljava/lang/Object; @ 56 c2
Event: 0.117 Thread 0x000001d6cecfdeb0 DEOPT PACKING pc=0x000001d6e1484f74 sp=0x0000007fe6afe940
Event: 0.117 Thread 0x000001d6cecfdeb0 DEOPT UNPACKING pc=0x000001d6e0fff582 sp=0x0000007fe6afe8a8 mode 2
Event: 0.117 Thread 0x000001d6cecfdeb0 Uncommon trap: trap_request=0xffffffc6 fr.pc=0x000001d6e1484fc0 relative=0x0000000000000940
Event: 0.117 Thread 0x000001d6cecfdeb0 Uncommon trap: reason=bimorphic_or_optimized_type_check action=maybe_recompile pc=0x000001d6e1484fc0 method=java.util.HashMap.putVal(ILjava/lang/Object;Ljava/lang/Object;ZZ)Ljava/lang/Object; @ 152 c2
Event: 0.117 Thread 0x000001d6cecfdeb0 DEOPT PACKING pc=0x000001d6e1484fc0 sp=0x0000007fe6afe940
Event: 0.117 Thread 0x000001d6cecfdeb0 DEOPT UNPACKING pc=0x000001d6e0fff582 sp=0x0000007fe6afe8b0 mode 2
Event: 0.117 Thread 0x000001d6cecfdeb0 Uncommon trap: trap_request=0xffffffc6 fr.pc=0x000001d6e1484f74 relative=0x00000000000008f4
Event: 0.117 Thread 0x000001d6cecfdeb0 Uncommon trap: reason=bimorphic_or_optimized_type_check action=maybe_recompile pc=0x000001d6e1484f74 method=java.util.HashMap.putVal(ILjava/lang/Object;Ljava/lang/Object;ZZ)Ljava/lang/Object; @ 56 c2
Event: 0.117 Thread 0x000001d6cecfdeb0 DEOPT PACKING pc=0x000001d6e1484f74 sp=0x0000007fe6afe940
Event: 0.117 Thread 0x000001d6cecfdeb0 DEOPT UNPACKING pc=0x000001d6e0fff582 sp=0x0000007fe6afe8a8 mode 2
Event: 0.137 Thread 0x000001d6cecfdeb0 Uncommon trap: trap_request=0xffffff45 fr.pc=0x000001d6e148c374 relative=0x0000000000000674
Event: 0.137 Thread 0x000001d6cecfdeb0 Uncommon trap: reason=unstable_if action=reinterpret pc=0x000001d6e148c374 method=java.util.HashMap.putVal(ILjava/lang/Object;Ljava/lang/Object;ZZ)Ljava/lang/Object; @ 181 c2
Event: 0.137 Thread 0x000001d6cecfdeb0 DEOPT PACKING pc=0x000001d6e148c374 sp=0x0000007fe6afef60
Event: 0.137 Thread 0x000001d6cecfdeb0 DEOPT UNPACKING pc=0x000001d6e0fff582 sp=0x0000007fe6afeed0 mode 2

Classes loaded (20 events):
Event: 0.117 Loading class java/lang/ProcessEnvironment$CheckedEntry
Event: 0.117 Loading class java/lang/ProcessEnvironment$CheckedEntry done
Event: 0.119 Loading class java/nio/file/AccessMode
Event: 0.119 Loading class java/nio/file/AccessMode done
Event: 0.132 Loading class sun/nio/fs/WindowsPath$1
Event: 0.132 Loading class sun/nio/fs/WindowsPath$1 done
Event: 0.136 Loading class java/nio/file/FileSystemNotFoundException
Event: 0.136 Loading class java/nio/file/FileSystemNotFoundException done
Event: 0.136 Loading class java/util/JumboEnumSet$EnumSetIterator
Event: 0.136 Loading class java/util/JumboEnumSet$EnumSetIterator done
Event: 0.147 Loading class java/util/concurrent/Callable
Event: 0.147 Loading class java/util/concurrent/Callable done
Event: 0.150 Loading class java/io/StringWriter
Event: 0.151 Loading class java/io/StringWriter done
Event: 0.166 Loading class java/nio/file/ReadOnlyFileSystemException
Event: 0.166 Loading class java/nio/file/ReadOnlyFileSystemException done
Event: 0.173 Loading class java/nio/file/ClosedFileSystemException
Event: 0.173 Loading class java/nio/file/ClosedFileSystemException done
Event: 0.177 Loading class java/util/AbstractQueue
Event: 0.177 Loading class java/util/AbstractQueue done

Classes unloaded (0 events):
No events

Classes redefined (0 events):
No events

Internal exceptions (4 events):
Event: 0.082 Thread 0x000001d6cecfdeb0 Exception <a 'java/lang/NoSuchMethodError'{0x000000008288d440}: 'void java.lang.invoke.DirectMethodHandle$Holder.invokeSpecial(java.lang.Object, java.lang.Object, java.lang.Object)'> (0x000000008288d440) 
thrown [s\open\src\hotspot\share\interpreter\linkResolver.cpp, line 804]
Event: 0.141 Thread 0x000001d6cecfdeb0 Exception <a 'java/lang/NoSuchMethodError'{0x0000000082607e70}: 'int java.lang.invoke.DirectMethodHandle$Holder.invokeVirtual(java.lang.Object, java.lang.Object, java.lang.Object)'> (0x0000000082607e70) 
thrown [s\open\src\hotspot\share\interpreter\linkResolver.cpp, line 804]
Event: 0.142 Thread 0x000001d6cecfdeb0 Exception <a 'java/lang/NoSuchMethodError'{0x0000000082617840}: 'void java.lang.invoke.DirectMethodHandle$Holder.invokeInterface(java.lang.Object, java.lang.Object, java.lang.Object)'> (0x0000000082617840) 
thrown [s\open\src\hotspot\share\interpreter\linkResolver.cpp, line 804]
Event: 0.146 Thread 0x000001d6cecfdeb0 Exception <a 'java/lang/NoSuchMethodError'{0x000000008263d558}: 'java.lang.Object java.lang.invoke.DirectMethodHandle$Holder.invokeStaticInit(java.lang.Object)'> (0x000000008263d558) 
thrown [s\open\src\hotspot\share\interpreter\linkResolver.cpp, line 804]

VM Operations (5 events):
Event: 0.116 Executing non-safepoint VM operation: HandshakeAllThreads (Deoptimize)
Event: 0.116 Executing non-safepoint VM operation: HandshakeAllThreads (Deoptimize) done
Event: 0.152 Executing non-safepoint VM operation: HandshakeAllThreads (Deoptimize)
Event: 0.152 Executing non-safepoint VM operation: HandshakeAllThreads (Deoptimize) done
Event: 0.195 Executing safepoint VM operation: G1CollectForAllocation (G1 Evacuation Pause)

Memory protections (0 events):
No events

Nmethod flushes (0 events):
No events

Events (12 events):
Event: 0.025 Thread 0x000001d6cecfdeb0 Thread added: 0x000001d6cecfdeb0
Event: 0.036 Thread 0x000001d6cecfdeb0 Thread added: 0x000001d6ede0ae90
Event: 0.036 Thread 0x000001d6cecfdeb0 Thread added: 0x000001d6ede0d900
Event: 0.036 Thread 0x000001d6cecfdeb0 Thread added: 0x000001d6ede0fc10
Event: 0.036 Thread 0x000001d6cecfdeb0 Thread added: 0x000001d6ede10a50
Event: 0.036 Thread 0x000001d6cecfdeb0 Thread added: 0x000001d6ede13620
Event: 0.036 Thread 0x000001d6cecfdeb0 Thread added: 0x000001d6ede141e0
Event: 0.036 Thread 0x000001d6cecfdeb0 Thread added: 0x000001d6ede17210
Event: 0.037 Thread 0x000001d6cecfdeb0 Thread added: 0x000001d6ede33690
Event: 0.063 Thread 0x000001d6cecfdeb0 Thread added: 0x000001d6f214ba60
Event: 0.093 Thread 0x000001d6ede33690 Thread added: 0x000001d6f217f080
Event: 0.120 Thread 0x000001d6cecfdeb0 Thread added: 0x000001d6f218c4e0


Dynamic libraries:
0x00007ff7841e0000 - 0x00007ff7841e8000 	C:\Program Files\Java\jdk-25.0.2\bin\javac.exe
0x00007fffae4a0000 - 0x00007fffae706000 	C:\WINDOWS\SYSTEM32\ntdll.dll
0x00007fffad760000 - 0x00007fffad829000 	C:\WINDOWS\System32\KERNEL32.DLL
0x00007fffabd00000 - 0x00007fffac100000 	C:\WINDOWS\System32\KERNELBASE.dll
0x00007fffaba20000 - 0x00007fffabb6c000 	C:\WINDOWS\System32\ucrtbase.dll
0x00007fffa16d0000 - 0x00007fffa16e7000 	C:\Program Files\Java\jdk-25.0.2\bin\jli.dll
0x00007fff8ec50000 - 0x00007fff8ec6e000 	C:\Program Files\Java\jdk-25.0.2\bin\VCRUNTIME140.dll
0x00007fffad2e0000 - 0x00007fffad4a7000 	C:\WINDOWS\System32\USER32.dll
0x00007fffab9f0000 - 0x00007fffaba17000 	C:\WINDOWS\System32\win32u.dll
0x00007fff96700000 - 0x00007fff96992000 	C:\WINDOWS\WinSxS\amd64_microsoft.windows.common-controls_6595b64144ccf1df_6.0.26100.8737_none_3e092eaee333b772\COMCTL32.dll
0x00007fffad4d0000 - 0x00007fffad4fb000 	C:\WINDOWS\System32\GDI32.dll
0x00007fffad510000 - 0x00007fffad5b9000 	C:\WINDOWS\System32\msvcrt.dll
0x00007fffab8c0000 - 0x00007fffab9e9000 	C:\WINDOWS\System32\gdi32full.dll
0x00007fffab780000 - 0x00007fffab823000 	C:\WINDOWS\System32\msvcp_win.dll
0x00007ffface00000 - 0x00007ffface32000 	C:\WINDOWS\System32\IMM32.DLL
0x00007fffa2d30000 - 0x00007fffa2d3c000 	C:\Program Files\Java\jdk-25.0.2\bin\vcruntime140_1.dll
0x00007fff862e0000 - 0x00007fff8636d000 	C:\Program Files\Java\jdk-25.0.2\bin\msvcp140.dll
0x00007fff34b10000 - 0x00007fff3596f000 	C:\Program Files\Java\jdk-25.0.2\bin\server\jvm.dll
0x00007fffadb80000 - 0x00007fffadc37000 	C:\WINDOWS\System32\ADVAPI32.dll
0x00007fffad200000 - 0x00007fffad2aa000 	C:\WINDOWS\System32\sechost.dll
0x00007fffaddd0000 - 0x00007fffadee8000 	C:\WINDOWS\System32\RPCRT4.dll
0x00007fffae2d0000 - 0x00007fffae350000 	C:\WINDOWS\System32\WS2_32.dll
0x00007fffab540000 - 0x00007fffab59e000 	C:\WINDOWS\SYSTEM32\POWRPROF.dll
0x00007fff985e0000 - 0x00007fff98616000 	C:\WINDOWS\SYSTEM32\WINMM.dll
0x00007fffa06e0000 - 0x00007fffa06eb000 	C:\WINDOWS\SYSTEM32\VERSION.dll
0x00007fffab520000 - 0x00007fffab534000 	C:\WINDOWS\SYSTEM32\UMPDC.dll
0x00007fffaa360000 - 0x00007fffaa37b000 	C:\WINDOWS\SYSTEM32\kernel.appcore.dll
0x00007fffa16c0000 - 0x00007fffa16ca000 	C:\Program Files\Java\jdk-25.0.2\bin\jimage.dll
0x00007fffa5c30000 - 0x00007fffa5e72000 	C:\WINDOWS\SYSTEM32\DBGHELP.DLL
0x00007fffadf40000 - 0x00007fffae2c3000 	C:\WINDOWS\System32\combase.dll
0x00007fffad120000 - 0x00007fffad1f9000 	C:\WINDOWS\System32\OLEAUT32.dll
0x00007fff89f50000 - 0x00007fff89f8b000 	C:\WINDOWS\SYSTEM32\dbgcore.DLL
0x00007fffac110000 - 0x00007fffac1bc000 	C:\WINDOWS\System32\bcryptPrimitives.dll
0x00007fff8ec30000 - 0x00007fff8ec4f000 	C:\Program Files\Java\jdk-25.0.2\bin\java.dll
0x00007fffad5c0000 - 0x00007fffad759000 	C:\WINDOWS\System32\ole32.dll
0x00007fffac1d0000 - 0x00007fffac962000 	C:\WINDOWS\System32\SHELL32.dll
0x00007fffa9140000 - 0x00007fffa99d2000 	C:\WINDOWS\SYSTEM32\windows.storage.dll
0x00007ffface40000 - 0x00007fffacf37000 	C:\WINDOWS\System32\SHCORE.dll
0x00007fffadd50000 - 0x00007fffaddb7000 	C:\WINDOWS\System32\shlwapi.dll
0x00007fffab5e0000 - 0x00007fffab609000 	C:\WINDOWS\SYSTEM32\profapi.dll
0x00007fff86240000 - 0x00007fff86252000 	C:\Program Files\Java\jdk-25.0.2\bin\net.dll
0x00007fffaa8f0000 - 0x00007fffaa95c000 	C:\WINDOWS\system32\mswsock.dll
0x00007fff86190000 - 0x00007fff861a6000 	C:\Program Files\Java\jdk-25.0.2\bin\nio.dll

JVMTI agents: none

dbghelp: loaded successfully - version: 4.0.5 - missing functions: none
symbol engine: initialized successfully - sym options: 0x614 - pdb path: .;C:\Program Files\Java\jdk-25.0.2\bin;C:\WINDOWS\SYSTEM32;C:\WINDOWS\WinSxS\amd64_microsoft.windows.common-controls_6595b64144ccf1df_6.0.26100.8737_none_3e092eaee333b772;C:\Program Files\Java\jdk-25.0.2\bin\server

VM Arguments:
jvm_args: -Dapplication.home=C:\Program Files\Java\jdk-25.0.2 --add-modules=ALL-DEFAULT -Xms8m -Djdk.module.main=jdk.compiler 
java_command: jdk.compiler/com.sun.tools.javac.Main EmployeeDetails.java EmployeeVector.java
java_class_path (initial): <not set>
Launcher Type: SUN_STANDARD

[Global flags]
     intx CICompilerCount                          = 4                                         {product} {ergonomic}
     uint ConcGCThreads                            = 2                                         {product} {ergonomic}
     uint G1ConcRefinementThreads                  = 8                                         {product} {ergonomic}
   size_t G1HeapRegionSize                         = 1048576                                   {product} {ergonomic}
   size_t InitialHeapSize                          = 8388608                                   {product} {command line}
   size_t MarkStackSize                            = 4194304                                   {product} {ergonomic}
   size_t MarkStackSizeMax                         = 536870912                                 {product} {ergonomic}
   size_t MaxHeapSize                              = 2111832064                                {product} {ergonomic}
   size_t MaxNewSize                               = 1266679808                                {product} {ergonomic}
   size_t MinHeapDeltaBytes                        = 1048576                                   {product} {ergonomic}
   size_t MinHeapSize                              = 8388608                                   {product} {command line}
    uintx NonNMethodCodeHeapSize                   = 5832704                                {pd product} {ergonomic}
    uintx NonProfiledCodeHeapSize                  = 122945536                              {pd product} {ergonomic}
    uintx ProfiledCodeHeapSize                     = 122880000                              {pd product} {ergonomic}
    uintx ReservedCodeCacheSize                    = 251658240                              {pd product} {ergonomic}
     bool SegmentedCodeCache                       = true                                      {product} {ergonomic}
   size_t SoftMaxHeapSize                          = 2111832064                             {manageable} {ergonomic}
     bool UseCompressedOops                        = true                           {product lp64_product} {ergonomic}
     bool UseG1GC                                  = true                                      {product} {ergonomic}
     bool UseLargePagesIndividualAllocation        = false                                  {pd product} {ergonomic}

Logging:
Log output configuration:
 #0: stdout all=warning uptime,level,tags foldmultilines=false
 #1: stderr all=off uptime,level,tags foldmultilines=false

Release file:
IMPLEMENTOR="Oracle Corporation" 
JAVA_RUNTIME_VERSION="25.0.2+10-LTS-69" 
JAVA_VERSION="25.0.2" 
JAVA_VERSION_DATE="2026-01-20" 
LIBC="default" 
MODULES="java.base java.compiler java.datatransfer java.xml java.prefs java.desktop java.instrument java.logging java.management java.security.sasl java.naming java.rmi java.management.rmi java.net.http java.scripting java.security.jgss java.transaction.xa java.sql java.sql.rowset java.xml.crypto java.se java.smartcardio jdk.accessibility jdk.internal.jvmstat jdk.attach jdk.charsets jdk.internal.opt jdk.zipfs jdk.compiler jdk.crypto.cryptoki jdk.crypto.ec jdk.crypto.mscapi jdk.dynalink jdk.internal.ed jdk.editpad jdk.internal.vm.ci jdk.graal.compiler jdk.graal.compiler.management jdk.hotspot.agent jdk.httpserver jdk.incubator.vector jdk.internal.le jdk.internal.md jdk.jartool jdk.javadoc jdk.jcmd jdk.management jdk.management.agent jdk.jconsole jdk.jdeps jdk.jdwp.agent jdk.jdi jdk.jfr jdk.jlink jdk.jpackage jdk.jshell jdk.jsobject jdk.jstatd jdk.localedata jdk.management.jfr jdk.naming.dns jdk.naming.rmi jdk.net jdk.nio.mapmode jdk.sctp jdk.security.auth jdk.security.jgss jdk.unsupported jdk.unsupported.desktop jdk.xml.dom" 
OS_ARCH="x86_64" 
OS_NAME="Windows" 
SOURCE=".:git:b75efb40c93a open:git:405a5699ebd0" 

Environment Variables:
JAVA_HOME=C:\java\jdk1.8.0_481\bin
PATH=C:\Program Files\Common Files\Oracle\Java\javapath;C:\Program Files (x86)\Common Files\Oracle\Java\java8path;C:\Program Files (x86)\Common Files\Oracle\Java\javapath;C:\Program Files\MongoDB\Server\8.0\bin;C:\ProgramData\chocolatey\bin;C:\Windows\System32;C:\Program Files\Java\jdk-25.0.2\bin;C:\Program Files\Git\cmd;C:\Users\Happy\AppData\Local\Programs\Python\Python313\Scripts\;C:\Users\Happy\AppData\Local\Programs\Python\Python313\;C:\Users\Happy\AppData\Local\Programs\Python\Launcher\;C:\Users\Happy\AppData\Local\Microsoft\WindowsApps;C:\Users\Happy\AppData\Local\Programs\Microsoft VS Code\bin;C:\flutter\bin;c:\Users\Happy\.vscode\extensions\vscjava.vscode-java-debug-0.59.0\bundled\scripts\noConfigScripts
USERNAME=Dell
LANG=en_US.UTF-8
OS=Windows_NT
PROCESSOR_IDENTIFIER=Intel64 Family 6 Model 142 Stepping 10, GenuineIntel
TMP=C:\Users\Happy\AppData\Local\Temp
TEMP=C:\Users\Happy\AppData\Local\Temp




Compilation memory statistics disabled.

Periodic native trim disabled

---------------  S Y S T E M  ---------------

OS:
 Windows 11 , 64 bit Build 26100 (10.0.26100.8737)
OS uptime: 0 days 11:42 hours
Hyper-V role detected

CPU: total 8 (initial active 8) (4 cores per cpu, 2 threads per core) family 6 model 142 stepping 10 microcode 0xf4, cx8, cmov, fxsr, ht, mmx, 3dnowpref, sse, sse2, sse3, ssse3, sse4.1, sse4.2, popcnt, lzcnt, tsc, tscinvbit, avx, avx2, aes, erms, clmul, bmi1, bmi2, rtm, adx, fma, vzeroupper, clflush, clflushopt, hv, rdtscp, f16c
Processor Information for the first 8 processors :
  Max Mhz: 1896, Current Mhz: 1696, Mhz Limit: 1687

Memory: 4k page, system-wide physical 8050M (1051M free)
TotalPageFile size 13756M (AvailPageFile size 2M)
current process WorkingSet (physical memory assigned to process): 63M, peak: 63M
current process commit charge ("private bytes"): 102M, peak: 102M

vm_info: Java HotSpot(TM) 64-Bit Server VM (25.0.2+10-LTS-69) for windows-amd64 JRE (25.0.2+10-LTS-69), built on 2025-12-18T11:36:35Z with MS VC++ 17.13 (VS2022)

END.
