#
# There is insufficient memory for the Java Runtime Environment to continue.
# Native memory allocation (malloc) failed to allocate 1049176 bytes. Error detail: Chunk::new
# Possible reasons:
#   The system is out of physical RAM or swap space
#   This process is running with CompressedOops enabled, and the Java Heap may be blocking the growth of the native heap
# Possible solutions:
#   Reduce memory load on the system
#   Increase physical memory or swap space
#   Check if swap backing store is full
#   Decrease Java heap size (-Xmx/-Xms)
#   Decrease number of Java threads
#   Decrease Java thread stack sizes (-Xss)
#   Set larger code cache with -XX:ReservedCodeCacheSize=
#   JVM is running with Unscaled Compressed Oops mode in which the Java heap is
#     placed in the first 4GB address space. The Java Heap base address is the
#     maximum limit for the native heap growth. Please use -XX:HeapBaseMinAddress
#     to set the Java Heap base and to place the Java Heap above 4GB virtual address.
# This output file may be truncated or incomplete.
#
#  Out of Memory Error (arena.cpp:186), pid=19944, tid=4256
#
# JRE version: Java(TM) SE Runtime Environment (25.0.2+10) (build 25.0.2+10-LTS-69)
# Java VM: Java HotSpot(TM) 64-Bit Server VM (25.0.2+10-LTS-69, mixed mode, tiered, compressed oops, compressed class ptrs, g1 gc, windows-amd64)
# No core dump will be written. Minidumps are not enabled by default on client versions of Windows
#

---------------  S U M M A R Y ------------

Command Line: -Dapplication.home=C:\Program Files\Java\jdk-25.0.2 --add-modules=ALL-DEFAULT -Xms8m -Djdk.module.main=jdk.compiler jdk.compiler/com.sun.tools.javac.Main EvenNumbers.java

Host: Intel(R) Core(TM) i5-8350U CPU @ 1.70GHz, 8 cores, 7G,  Windows 11 , 64 bit Build 26100 (10.0.26100.8737)
Time: Wed Jul  8 12:02:01 2026 India Standard Time elapsed time: 0.406911 seconds (0d 0h 0m 0s)

---------------  T H R E A D  ---------------

Current thread (0x000001a76d30af10):  JavaThread "C2 CompilerThread0" daemon [_thread_in_native, id=4256, stack(0x00000004a5800000,0x00000004a5900000) (1024K)]


Current CompileTask:
C2:406  245       4       java.util.HashMap::putVal (300 bytes)

Stack: [0x00000004a5800000,0x00000004a5900000]
Native frames: (J=compiled Java code, j=interpreted, Vv=VM code, C=native code)
V  [jvm.dll+0x7a70f9]  (no source info available)
V  [jvm.dll+0x772d6d]  (no source info available)
V  [jvm.dll+0x965d53]  (no source info available)
V  [jvm.dll+0x968351]  (no source info available)
V  [jvm.dll+0x968a63]  (no source info available)
V  [jvm.dll+0x2fc846]  (no source info available)
V  [jvm.dll+0x111b16]  (no source info available)
V  [jvm.dll+0x111e3e]  (no source info available)
V  [jvm.dll+0x1a0872]  (no source info available)
V  [jvm.dll+0x3b54c2]  (no source info available)
V  [jvm.dll+0x7aca8f]  (no source info available)
V  [jvm.dll+0x2c0b97]  (no source info available)
V  [jvm.dll+0x2bfb5f]  (no source info available)
V  [jvm.dll+0x2379a0]  (no source info available)
V  [jvm.dll+0x2cfc86]  (no source info available)
V  [jvm.dll+0x2cdf05]  (no source info available)
V  [jvm.dll+0x48e9d1]  (no source info available)
V  [jvm.dll+0x906fcd]  (no source info available)
V  [jvm.dll+0x7a56d5]  (no source info available)
C  [ucrtbase.dll+0x2cd30]  (no source info available)
C  [KERNEL32.DLL+0x2e957]  (no source info available)
C  [ntdll.dll+0xaad6c]  (no source info available)

Lock stack of current Java thread (top to bottom):


---------------  P R O C E S S  ---------------

Threads class SMR info:
_java_thread_list=0x000001a76d59c0c0, length=10, elements={
0x000001a7505a9020, 0x000001a76d2fb4b0, 0x000001a76d2fce80, 0x000001a76d302990,
0x000001a76d303550, 0x000001a76d304110, 0x000001a76d308400, 0x000001a76d30af10,
0x000001a76d317e20, 0x000001a76d30fcc0
}

Java Threads: ( => current thread )
  0x000001a7505a9020 JavaThread "main"                              [_thread_in_vm, id=20680, stack(0x00000004a4a00000,0x00000004a4b00000) (1024K)]
  0x000001a76d2fb4b0 JavaThread "Reference Handler"          daemon [_thread_blocked, id=5664, stack(0x00000004a5200000,0x00000004a5300000) (1024K)]
  0x000001a76d2fce80 JavaThread "Finalizer"                  daemon [_thread_blocked, id=3168, stack(0x00000004a5300000,0x00000004a5400000) (1024K)]
  0x000001a76d302990 JavaThread "Signal Dispatcher"          daemon [_thread_blocked, id=19852, stack(0x00000004a5400000,0x00000004a5500000) (1024K)]
  0x000001a76d303550 JavaThread "Attach Listener"            daemon [_thread_blocked, id=21348, stack(0x00000004a5500000,0x00000004a5600000) (1024K)]
  0x000001a76d304110 JavaThread "Service Thread"             daemon [_thread_blocked, id=20812, stack(0x00000004a5600000,0x00000004a5700000) (1024K)]
  0x000001a76d308400 JavaThread "Monitor Deflation Thread"   daemon [_thread_blocked, id=19444, stack(0x00000004a5700000,0x00000004a5800000) (1024K)]
=>0x000001a76d30af10 JavaThread "C2 CompilerThread0"         daemon [_thread_in_native, id=4256, stack(0x00000004a5800000,0x00000004a5900000) (1024K)]
  0x000001a76d317e20 JavaThread "C1 CompilerThread0"         daemon [_thread_blocked, id=22128, stack(0x00000004a5900000,0x00000004a5a00000) (1024K)]
  0x000001a76d30fcc0 JavaThread "Notification Thread"        daemon [_thread_blocked, id=19796, stack(0x00000004a5a00000,0x00000004a5b00000) (1024K)]
Total: 10

Other Threads:
  0x000001a76d2a3740 VMThread "VM Thread"                           [id=4284, stack(0x00000004a5100000,0x00000004a5200000) (1024K)]
  0x000001a76d27ca10 WatcherThread "VM Periodic Task Thread"        [id=15252, stack(0x00000004a5000000,0x00000004a5100000) (1024K)]
  0x000001a750603f60 WorkerThread "GC Thread#0"                     [id=10256, stack(0x00000004a4b00000,0x00000004a4c00000) (1024K)]
  0x000001a75061c9d0 ConcurrentGCThread "G1 Main Marker"            [id=14036, stack(0x00000004a4c00000,0x00000004a4d00000) (1024K)]
  0x000001a75061e460 WorkerThread "G1 Conc#0"                       [id=8296, stack(0x00000004a4d00000,0x00000004a4e00000) (1024K)]
  0x000001a75065c570 ConcurrentGCThread "G1 Refine#0"               [id=17836, stack(0x00000004a4e00000,0x00000004a4f00000) (1024K)]
  0x000001a75065d180 ConcurrentGCThread "G1 Service"                [id=8368, stack(0x00000004a4f00000,0x00000004a5000000) (1024K)]
Total: 7

Threads with active compile tasks:
C2 CompilerThread0  479  245       4       java.util.HashMap::putVal (300 bytes)
Total: 1

VM state: not at safepoint (normal execution)

VM Mutex/Monitor currently owned by a thread:  ([mutex/lock_event])
[0x00007ffe923d73e8] Metaspace_lock - owner thread: 0x000001a7505a9020

Heap address: 0x0000000082200000, size: 2014 MB, Compressed Oops mode: 32-bit

CDS archive(s) not mapped
Compressed class space mapped at: 0x0000000001000000-0x0000000041000000, reserved size: 1073741824
UseCompressedClassPointers 1, UseCompactObjectHeaders 0
Narrow klass pointer bits 32, Max shift 3
Narrow klass base: 0x0000000000000000, Narrow klass shift: 0
Encoding Range: [0x0000000000000000 - 0x0000000100000000), (4294967296 bytes)
Klass Range:    [0x0000000001000000 - 0x0000000041000000), (1073741824 bytes)
Klass ID Range:  [16777216 - 1090519033) (1073741817)
No protection zone.

GC Precious Log:
 CardTable entry size: 512
 Card Set container configuration: InlinePtr #cards 5 size 8 Array Of Cards #cards 10 size 36 Howl #buckets 4 coarsen threshold 1843 Howl Bitmap #cards 512 size 80 coarsen threshold 460 Card regions per heap region 1 cards per card region 2048
 CPUs: 8 total, 8 available
 Memory: 8050M
 Large Page Support: Disabled
 NUMA Support: Disabled
 Compressed Oops: Enabled (32-bit)
 Heap Region Size: 1M
 Heap Min Capacity: 8M
 Heap Initial Capacity: 8M
 Heap Max Capacity: 2014M
 Pre-touch: Disabled
 Parallel Workers: 8
 Concurrent Workers: 2
 Concurrent Refinement Workers: 8
 Periodic GC: Disabled

Heap:
 garbage-first heap   total reserved 2062336K, committed 8192K, used 2048K [0x0000000082200000, 0x0000000100000000)
  region size 1024K, 3 young (3072K), 0 survivors (0K)

Heap Regions: E=young(eden), S=young(survivor), O=old, HS=humongous(starts), HC=humongous(continues), CS=collection set, F=free, TAMS=top-at-mark-start, PB=parsable bottom
|   0|0x0000000082200000, 0x0000000082200000, 0x0000000082300000|  0%| F|  |TAMS 0x0000000082200000| PB 0x0000000082200000| Untracked |  0
|   1|0x0000000082300000, 0x0000000082300000, 0x0000000082400000|  0%| F|  |TAMS 0x0000000082300000| PB 0x0000000082300000| Untracked |  0
|   2|0x0000000082400000, 0x0000000082400000, 0x0000000082500000|  0%| F|  |TAMS 0x0000000082400000| PB 0x0000000082400000| Untracked |  0
|   3|0x0000000082500000, 0x0000000082500000, 0x0000000082600000|  0%| F|  |TAMS 0x0000000082500000| PB 0x0000000082500000| Untracked |  0
|   4|0x0000000082600000, 0x0000000082600000, 0x0000000082700000|  0%| F|  |TAMS 0x0000000082600000| PB 0x0000000082600000| Untracked |  0
|   5|0x0000000082700000, 0x0000000082759fa8, 0x0000000082800000| 35%| E|  |TAMS 0x0000000082700000| PB 0x0000000082700000| Complete |  0
|   6|0x0000000082800000, 0x0000000082900000, 0x0000000082900000|100%| E|CS|TAMS 0x0000000082800000| PB 0x0000000082800000| Complete |  0
|   7|0x0000000082900000, 0x0000000082a00000, 0x0000000082a00000|100%| E|CS|TAMS 0x0000000082900000| PB 0x0000000082900000| Complete |  0

Card table byte_map: [0x000001a768570000,0x000001a768960000] _byte_map_base: 0x000001a76815f000

Marking Bits: (CMBitMap*) 0x000001a7506046f0
 Bits: [0x000001a768960000, 0x000001a76a8d8000)

Polling page: 0x000001a74e3d0000

Metaspace:
Metaspace        used 7434K, committed 7552K, reserved 1114112K
 class space     used 661K, committed 768K, reserved 1048576K

Usage:
  Non-class:      6.61 MB used.
      Class:    661.58 KB used.
       Both:      7.26 MB used.

Virtual space:
  Non-class space:       64.00 MB reserved,       6.62 MB ( 10%) committed,  1 nodes.
      Class space:        1.00 GB reserved,     768.00 KB ( <1%) committed,  1 nodes.
             Both:        1.06 GB reserved,       7.38 MB ( <1%) committed. 

Chunk freelists:
   Non-Class:  8.67 MB
       Class:  15.18 MB
        Both:  23.86 MB

MaxMetaspaceSize: unlimited
CompressedClassSpaceSize: 1.00 GB
Initial GC threshold: 21.00 MB
Current GC threshold: 21.00 MB
CDS: off
 - commit_granule_bytes: 65536.
 - commit_granule_words: 8192.
 - virtual_space_node_default_size: 8388608.
 - enlarge_chunks_in_place: 1.
UseCompressedClassPointers 1, UseCompactObjectHeaders 0
Narrow klass pointer bits 32, Max shift 3
Narrow klass base: 0x0000000000000000, Narrow klass shift: 0
Encoding Range: [0x0000000000000000 - 0x0000000100000000), (4294967296 bytes)
Klass Range:    [0x0000000001000000 - 0x0000000041000000), (1073741824 bytes)
Klass ID Range:  [16777216 - 1090519033) (1073741817)
No protection zone.


Internal statistics:

num_allocs_failed_limit: 0.
num_arena_births: 10.
num_arena_deaths: 0.
num_vsnodes_births: 2.
num_vsnodes_deaths: 0.
num_space_committed: 118.
num_space_uncommitted: 0.
num_chunks_returned_to_freelist: 0.
num_chunks_taken_from_freelist: 48.
num_chunk_merges: 0.
num_chunk_splits: 23.
num_chunks_enlarged: 15.
num_inconsistent_stats: 0.

CodeHeap 'non-profiled nmethods': size=120064Kb used=86Kb max_used=86Kb free=119977Kb
 bounds [0x000001a760900000, 0x000001a760b70000, 0x000001a767e40000]
CodeHeap 'profiled nmethods': size=120000Kb used=222Kb max_used=222Kb free=119777Kb
 bounds [0x000001a758e40000, 0x000001a7590b0000, 0x000001a760370000]
CodeHeap 'non-nmethods': size=5696Kb used=1246Kb max_used=1252Kb free=4449Kb
 bounds [0x000001a760370000, 0x000001a7605e0000, 0x000001a760900000]
CodeCache: size=245760Kb, used=1554Kb, max_used=1560Kb, free=244203Kb
 total_blobs=635, nmethods=271, adapters=267, full_count=0
Compilation: enabled, stopped_count=0, restarted_count=0

Compilation events (20 events):
Event: 0.402 Thread 0x000001a76d317e20 nmethod 257 0x000001a758e73008 code [0x000001a758e73100, 0x000001a758e73258]
Event: 0.402 Thread 0x000001a76d317e20  259       3       java.util.regex.Pattern::peek (26 bytes)
Event: 0.402 Thread 0x000001a76d317e20 nmethod 259 0x000001a758e73308 code [0x000001a758e73400, 0x000001a758e73650]
Event: 0.402 Thread 0x000001a76d317e20  260       3       java.util.AbstractList::<init> (10 bytes)
Event: 0.403 Thread 0x000001a76d317e20 nmethod 260 0x000001a758e73688 code [0x000001a758e73780, 0x000001a758e73948]
Event: 0.404 Thread 0x000001a76d317e20  263       3       jdk.internal.classfile.impl.BufWriterImpl::writeU2 (38 bytes)
Event: 0.404 Thread 0x000001a76d317e20 nmethod 263 0x000001a758e73988 code [0x000001a758e73a80, 0x000001a758e73d40]
Event: 0.404 Thread 0x000001a76d317e20  264       3       jdk.internal.classfile.impl.RawBytecodeHelper::next (81 bytes)
Event: 0.404 Thread 0x000001a76d317e20 nmethod 264 0x000001a758e73d88 code [0x000001a758e73e80, 0x000001a758e74300]
Event: 0.404 Thread 0x000001a76d317e20  265       3       jdk.internal.misc.Unsafe::allocateUninitializedArray (55 bytes)
Event: 0.404 Thread 0x000001a76d317e20 nmethod 265 0x000001a758e74308 code [0x000001a758e74400, 0x000001a758e74888]
Event: 0.404 Thread 0x000001a76d317e20  262       3       jdk.internal.classfile.impl.AbstractPoolEntry$Utf8EntryImpl::hashCode (8 bytes)
Event: 0.404 Thread 0x000001a76d317e20 nmethod 262 0x000001a758e74908 code [0x000001a758e74a00, 0x000001a758e74ca8]
Event: 0.404 Thread 0x000001a76d317e20  267       3       java.lang.invoke.MethodType::parameterCount (6 bytes)
Event: 0.404 Thread 0x000001a76d317e20 nmethod 267 0x000001a758e74d08 code [0x000001a758e74e00, 0x000001a758e74f10]
Event: 0.404 Thread 0x000001a76d317e20  266       1       java.util.ArrayList::size (5 bytes)
Event: 0.404 Thread 0x000001a76d317e20 nmethod 266 0x000001a760915288 code [0x000001a760915380, 0x000001a760915448]
Event: 0.404 Thread 0x000001a76d317e20  269       3       jdk.internal.classfile.impl.AbstractPoolEntry$Utf8EntryImpl::writeTo (44 bytes)
Event: 0.405 Thread 0x000001a76d317e20 nmethod 269 0x000001a758e75008 code [0x000001a758e75100, 0x000001a758e754b0]
Event: 0.405 Thread 0x000001a76d317e20  270       3       jdk.internal.classfile.impl.BufWriterImpl::writeUtfEntry (144 bytes)

GC Heap Usage History (0 events):
No events

Metaspace Usage History (0 events):
No events

Dll operation events (2 events):
Event: 0.011 Loaded shared library C:\Program Files\Java\jdk-25.0.2\bin\java.dll
Event: 0.357 Loaded shared library C:\Program Files\Java\jdk-25.0.2\bin\jimage.dll

Deoptimization events (16 events):
Event: 0.393 Thread 0x000001a7505a9020 Uncommon trap: trap_request=0xffffffde fr.pc=0x000001a76090f4c8 relative=0x00000000000007c8
Event: 0.393 Thread 0x000001a7505a9020 Uncommon trap: reason=class_check action=maybe_recompile pc=0x000001a76090f4c8 method=java.util.HashMap.putVal(ILjava/lang/Object;Ljava/lang/Object;ZZ)Ljava/lang/Object; @ 106 c2
Event: 0.393 Thread 0x000001a7505a9020 DEOPT PACKING pc=0x000001a76090f4c8 sp=0x00000004a4afda70
Event: 0.393 Thread 0x000001a7505a9020 DEOPT UNPACKING pc=0x000001a76048cd82 sp=0x00000004a4afd9f8 mode 2
Event: 0.397 Thread 0x000001a7505a9020 Uncommon trap: trap_request=0xffffffde fr.pc=0x000001a76090f4c8 relative=0x00000000000007c8
Event: 0.397 Thread 0x000001a7505a9020 Uncommon trap: reason=class_check action=maybe_recompile pc=0x000001a76090f4c8 method=java.util.HashMap.putVal(ILjava/lang/Object;Ljava/lang/Object;ZZ)Ljava/lang/Object; @ 106 c2
Event: 0.397 Thread 0x000001a7505a9020 DEOPT PACKING pc=0x000001a76090f4c8 sp=0x00000004a4afcf00
Event: 0.397 Thread 0x000001a7505a9020 DEOPT UNPACKING pc=0x000001a76048cd82 sp=0x00000004a4afce88 mode 2
Event: 0.397 Thread 0x000001a7505a9020 Uncommon trap: trap_request=0xffffffde fr.pc=0x000001a76090f4c8 relative=0x00000000000007c8
Event: 0.397 Thread 0x000001a7505a9020 Uncommon trap: reason=class_check action=maybe_recompile pc=0x000001a76090f4c8 method=java.util.HashMap.putVal(ILjava/lang/Object;Ljava/lang/Object;ZZ)Ljava/lang/Object; @ 106 c2
Event: 0.397 Thread 0x000001a7505a9020 DEOPT PACKING pc=0x000001a76090f4c8 sp=0x00000004a4afcf00
Event: 0.397 Thread 0x000001a7505a9020 DEOPT UNPACKING pc=0x000001a76048cd82 sp=0x00000004a4afce88 mode 2
Event: 0.397 Thread 0x000001a7505a9020 Uncommon trap: trap_request=0xffffffde fr.pc=0x000001a76090f4c8 relative=0x00000000000007c8
Event: 0.397 Thread 0x000001a7505a9020 Uncommon trap: reason=class_check action=maybe_recompile pc=0x000001a76090f4c8 method=java.util.HashMap.putVal(ILjava/lang/Object;Ljava/lang/Object;ZZ)Ljava/lang/Object; @ 106 c2
Event: 0.397 Thread 0x000001a7505a9020 DEOPT PACKING pc=0x000001a76090f4c8 sp=0x00000004a4afcf80
Event: 0.397 Thread 0x000001a7505a9020 DEOPT UNPACKING pc=0x000001a76048cd82 sp=0x00000004a4afcf08 mode 2

Classes loaded (20 events):
Event: 0.398 Loading class java/util/stream/ReferencePipeline$7
Event: 0.398 Loading class java/util/stream/ReferencePipeline$7 done
Event: 0.398 Loading class java/util/stream/ForEachOps
Event: 0.399 Loading class java/util/stream/ForEachOps done
Event: 0.399 Loading class java/util/stream/ForEachOps$ForEachOp$OfRef
Event: 0.399 Loading class java/util/stream/ForEachOps$ForEachOp
Event: 0.399 Loading class java/util/stream/ForEachOps$ForEachOp done
Event: 0.399 Loading class java/util/stream/ForEachOps$ForEachOp$OfRef done
Event: 0.399 Loading class java/util/stream/ReferencePipeline$7$1FlatMap
Event: 0.399 Loading class java/util/stream/ReferencePipeline$7$1FlatMap done
Event: 0.399 Loading class java/util/LinkedHashMap$LinkedKeyIterator
Event: 0.399 Loading class java/util/LinkedHashMap$LinkedHashIterator
Event: 0.399 Loading class java/util/LinkedHashMap$LinkedHashIterator done
Event: 0.399 Loading class java/util/LinkedHashMap$LinkedKeyIterator done
Event: 0.399 Loading class java/util/Spliterators$ArraySpliterator
Event: 0.400 Loading class java/util/Spliterators$ArraySpliterator done
Event: 0.400 Loading class java/util/ArrayList$SubList
Event: 0.401 Loading class java/util/ArrayList$SubList done
Event: 0.402 Loading class java/io/FileWriter
Event: 0.402 Loading class java/io/FileWriter done

Classes unloaded (0 events):
No events

Classes redefined (0 events):
No events

Internal exceptions (1 events):
Event: 0.395 Thread 0x000001a7505a9020 Exception <a 'java/lang/NoSuchMethodError'{0x00000000828f3a20}: 'void java.lang.invoke.DirectMethodHandle$Holder.invokeSpecial(java.lang.Object, java.lang.Object, java.lang.Object)'> (0x00000000828f3a20) 
thrown [s\open\src\hotspot\share\interpreter\linkResolver.cpp, line 804]

VM Operations (2 events):
Event: 0.326 Executing non-safepoint VM operation: HandshakeAllThreads (Deoptimize)
Event: 0.326 Executing non-safepoint VM operation: HandshakeAllThreads (Deoptimize) done

Memory protections (0 events):
No events

Nmethod flushes (0 events):
No events

Events (10 events):
Event: 0.019 Thread 0x000001a7505a9020 Thread added: 0x000001a7505a9020
Event: 0.147 Thread 0x000001a7505a9020 Thread added: 0x000001a76d2fb4b0
Event: 0.147 Thread 0x000001a7505a9020 Thread added: 0x000001a76d2fce80
Event: 0.150 Thread 0x000001a7505a9020 Thread added: 0x000001a76d302990
Event: 0.150 Thread 0x000001a7505a9020 Thread added: 0x000001a76d303550
Event: 0.150 Thread 0x000001a7505a9020 Thread added: 0x000001a76d304110
Event: 0.150 Thread 0x000001a7505a9020 Thread added: 0x000001a76d308400
Event: 0.150 Thread 0x000001a7505a9020 Thread added: 0x000001a76d30af10
Event: 0.150 Thread 0x000001a7505a9020 Thread added: 0x000001a76d317e20
Event: 0.337 Thread 0x000001a7505a9020 Thread added: 0x000001a76d30fcc0


Dynamic libraries:
0x00007ff707bd0000 - 0x00007ff707bd8000 	C:\Program Files\Java\jdk-25.0.2\bin\javac.exe
0x00007fff3c3a0000 - 0x00007fff3c606000 	C:\WINDOWS\SYSTEM32\ntdll.dll
0x00007fff3b200000 - 0x00007fff3b2c9000 	C:\WINDOWS\System32\KERNEL32.DLL
0x00007fff398b0000 - 0x00007fff39cb0000 	C:\WINDOWS\System32\KERNELBASE.dll
0x00007fff39cc0000 - 0x00007fff39e0c000 	C:\WINDOWS\System32\ucrtbase.dll
0x00007fff23f50000 - 0x00007fff23f67000 	C:\Program Files\Java\jdk-25.0.2\bin\jli.dll
0x00007fff23e50000 - 0x00007fff23e6e000 	C:\Program Files\Java\jdk-25.0.2\bin\VCRUNTIME140.dll
0x00007fff3af00000 - 0x00007fff3b0c7000 	C:\WINDOWS\System32\USER32.dll
0x00007fff248f0000 - 0x00007fff24b82000 	C:\WINDOWS\WinSxS\amd64_microsoft.windows.common-controls_6595b64144ccf1df_6.0.26100.8737_none_3e092eaee333b772\COMCTL32.dll
0x00007fff39e20000 - 0x00007fff39e47000 	C:\WINDOWS\System32\win32u.dll
0x00007fff3a5a0000 - 0x00007fff3a649000 	C:\WINDOWS\System32\msvcrt.dll
0x00007fff3aed0000 - 0x00007fff3aefb000 	C:\WINDOWS\System32\GDI32.dll
0x00007fff39f10000 - 0x00007fff3a039000 	C:\WINDOWS\System32\gdi32full.dll
0x00007fff39740000 - 0x00007fff397e3000 	C:\WINDOWS\System32\msvcp_win.dll
0x00007fff3c320000 - 0x00007fff3c352000 	C:\WINDOWS\System32\IMM32.DLL
0x00007fff32e10000 - 0x00007fff32e1c000 	C:\Program Files\Java\jdk-25.0.2\bin\vcruntime140_1.dll
0x00007fff23d40000 - 0x00007fff23dcd000 	C:\Program Files\Java\jdk-25.0.2\bin\msvcp140.dll
0x00007ffe91660000 - 0x00007ffe924bf000 	C:\Program Files\Java\jdk-25.0.2\bin\server\jvm.dll
0x00007fff3bff0000 - 0x00007fff3c0a7000 	C:\WINDOWS\System32\ADVAPI32.dll
0x00007fff3b440000 - 0x00007fff3b4ea000 	C:\WINDOWS\System32\sechost.dll
0x00007fff3adb0000 - 0x00007fff3aec8000 	C:\WINDOWS\System32\RPCRT4.dll
0x00007fff3c0b0000 - 0x00007fff3c130000 	C:\WINDOWS\System32\WS2_32.dll
0x00007fff39440000 - 0x00007fff3949e000 	C:\WINDOWS\SYSTEM32\POWRPROF.dll
0x00007fff2ef00000 - 0x00007fff2ef0b000 	C:\WINDOWS\SYSTEM32\VERSION.dll
0x00007fff24650000 - 0x00007fff24686000 	C:\WINDOWS\SYSTEM32\WINMM.dll
0x00007fff39400000 - 0x00007fff39414000 	C:\WINDOWS\SYSTEM32\UMPDC.dll
0x00007fff38260000 - 0x00007fff3827b000 	C:\WINDOWS\SYSTEM32\kernel.appcore.dll
0x00007fff291a0000 - 0x00007fff291aa000 	C:\Program Files\Java\jdk-25.0.2\bin\jimage.dll
0x00007fff33b30000 - 0x00007fff33d72000 	C:\WINDOWS\SYSTEM32\DBGHELP.DLL
0x00007fff3a0d0000 - 0x00007fff3a453000 	C:\WINDOWS\System32\combase.dll
0x00007fff3ac10000 - 0x00007fff3ace9000 	C:\WINDOWS\System32\OLEAUT32.dll
0x00007fff190b0000 - 0x00007fff190eb000 	C:\WINDOWS\SYSTEM32\dbgcore.DLL
0x00007fff39e50000 - 0x00007fff39efc000 	C:\WINDOWS\System32\bcryptPrimitives.dll
0x00007fff23e30000 - 0x00007fff23e4f000 	C:\Program Files\Java\jdk-25.0.2\bin\java.dll
0x00007fff3bd60000 - 0x00007fff3bef9000 	C:\WINDOWS\System32\ole32.dll
0x00007fff3b530000 - 0x00007fff3bcc2000 	C:\WINDOWS\System32\SHELL32.dll
0x00007fff37040000 - 0x00007fff378d2000 	C:\WINDOWS\SYSTEM32\windows.storage.dll
0x00007fff3b0d0000 - 0x00007fff3b1c7000 	C:\WINDOWS\System32\SHCORE.dll
0x00007fff3ad40000 - 0x00007fff3ada7000 	C:\WINDOWS\System32\shlwapi.dll
0x00007fff394e0000 - 0x00007fff39509000 	C:\WINDOWS\SYSTEM32\profapi.dll

JVMTI agents: none

dbghelp: loaded successfully - version: 4.0.5 - missing functions: none
symbol engine: initialized successfully - sym options: 0x614 - pdb path: .;C:\Program Files\Java\jdk-25.0.2\bin;C:\WINDOWS\SYSTEM32;C:\WINDOWS\WinSxS\amd64_microsoft.windows.common-controls_6595b64144ccf1df_6.0.26100.8737_none_3e092eaee333b772;C:\Program Files\Java\jdk-25.0.2\bin\server

VM Arguments:
jvm_args: -Dapplication.home=C:\Program Files\Java\jdk-25.0.2 --add-modules=ALL-DEFAULT -Xms8m -Djdk.module.main=jdk.compiler 
java_command: jdk.compiler/com.sun.tools.javac.Main EvenNumbers.java
java_class_path (initial): <not set>
Launcher Type: SUN_STANDARD

[Global flags]
     intx CICompilerCount                          = 4                                         {product} {ergonomic}
     uint ConcGCThreads                            = 2                                         {product} {ergonomic}
     uint G1ConcRefinementThreads                  = 8                                         {product} {ergonomic}
   size_t G1HeapRegionSize                         = 1048576                                   {product} {ergonomic}
   size_t InitialHeapSize                          = 8388608                                   {product} {command line}
   size_t MarkStackSize                            = 4194304                                   {product} {ergonomic}
   size_t MarkStackSizeMax                         = 536870912                                 {product} {ergonomic}
   size_t MaxHeapSize                              = 2111832064                                {product} {ergonomic}
   size_t MaxNewSize                               = 1266679808                                {product} {ergonomic}
   size_t MinHeapDeltaBytes                        = 1048576                                   {product} {ergonomic}
   size_t MinHeapSize                              = 8388608                                   {product} {command line}
    uintx NonNMethodCodeHeapSize                   = 5832704                                {pd product} {ergonomic}
    uintx NonProfiledCodeHeapSize                  = 122945536                              {pd product} {ergonomic}
    uintx ProfiledCodeHeapSize                     = 122880000                              {pd product} {ergonomic}
    uintx ReservedCodeCacheSize                    = 251658240                              {pd product} {ergonomic}
     bool SegmentedCodeCache                       = true                                      {product} {ergonomic}
   size_t SoftMaxHeapSize                          = 2111832064                             {manageable} {ergonomic}
     bool UseCompressedOops                        = true                           {product lp64_product} {ergonomic}
     bool UseG1GC                                  = true                                      {product} {ergonomic}
     bool UseLargePagesIndividualAllocation        = false                                  {pd product} {ergonomic}

Logging:
Log output configuration:
 #0: stdout all=warning uptime,level,tags foldmultilines=false
 #1: stderr all=off uptime,level,tags foldmultilines=false

Release file:
<release file has not been read>
Environment Variables:
JAVA_HOME=C:\java\jdk1.8.0_481\bin
PATH=C:\Program Files\Common Files\Oracle\Java\javapath;C:\Program Files (x86)\Common Files\Oracle\Java\java8path;C:\Program Files (x86)\Common Files\Oracle\Java\javapath;C:\Program Files\MongoDB\Server\8.0\bin;C:\ProgramData\chocolatey\bin;C:\Windows\System32;C:\Program Files\Java\jdk-25.0.2\bin;C:\Users\Happy\AppData\Local\Programs\Python\Python313\Scripts\;C:\Users\Happy\AppData\Local\Programs\Python\Python313\;C:\Users\Happy\AppData\Local\Programs\Python\Launcher\;C:\Users\Happy\AppData\Local\Microsoft\WindowsApps;C:\Users\Happy\AppData\Local\Programs\Microsoft VS Code\bin;C:\flutter\bin;c:\Users\Happy\.vscode\extensions\vscjava.vscode-java-debug-0.59.0\bundled\scripts\noConfigScripts
USERNAME=Dell
LANG=en_US.UTF-8
OS=Windows_NT
PROCESSOR_IDENTIFIER=Intel64 Family 6 Model 142 Stepping 10, GenuineIntel
TMP=C:\Users\Happy\AppData\Local\Temp
TEMP=C:\Users\Happy\AppData\Local\Temp




Compilation memory statistics disabled.

Periodic native trim disabled

---------------  S Y S T E M  ---------------

OS:
 Windows 11 , 64 bit Build 26100 (10.0.26100.8737)
OS uptime: 8 days 0:58 hours
Hyper-V role detected

CPU: total 8 (initial active 8) (4 cores per cpu, 2 threads per core) family 6 model 142 stepping 10 microcode 0xf4, cx8, cmov, fxsr, ht, mmx, 3dnowpref, sse, sse2, sse3, ssse3, sse4.1, sse4.2, popcnt, lzcnt, tsc, tscinvbit, avx, avx2, aes, erms, clmul, bmi1, bmi2, rtm, adx, fma, vzeroupper, clflush, clflushopt, hv, rdtscp, f16c
Processor Information for the first 8 processors :
  Max Mhz: 1896, Current Mhz: 1696, Mhz Limit: 1687

Memory: 4k page, system-wide physical 8050M (1017M free)
TotalPageFile size 12518M (AvailPageFile size 3M)
current process WorkingSet (physical memory assigned to process): 39M, peak: 39M
current process commit charge ("private bytes"): 83M, peak: 84M

vm_info: Java HotSpot(TM) 64-Bit Server VM (25.0.2+10-LTS-69) for windows-amd64 JRE (25.0.2+10-LTS-69), built on 2025-12-18T11:36:35Z with MS VC++ 17.13 (VS2022)

END.
