#
# There is insufficient memory for the Java Runtime Environment to continue.
# Native memory allocation (malloc) failed to allocate 1330392 bytes. Error detail: Chunk::new
# Possible reasons:
#   The system is out of physical RAM or swap space
#   This process is running with CompressedOops enabled, and the Java Heap may be blocking the growth of the native heap
# Possible solutions:
#   Reduce memory load on the system
#   Increase physical memory or swap space
#   Check if swap backing store is full
#   Decrease Java heap size (-Xmx/-Xms)
#   Decrease number of Java threads
#   Decrease Java thread stack sizes (-Xss)
#   Set larger code cache with -XX:ReservedCodeCacheSize=
#   JVM is running with Unscaled Compressed Oops mode in which the Java heap is
#     placed in the first 4GB address space. The Java Heap base address is the
#     maximum limit for the native heap growth. Please use -XX:HeapBaseMinAddress
#     to set the Java Heap base and to place the Java Heap above 4GB virtual address.
# This output file may be truncated or incomplete.
#
#  Out of Memory Error (arena.cpp:186), pid=1352, tid=8560
#
# JRE version: Java(TM) SE Runtime Environment (25.0.2+10) (build 25.0.2+10-LTS-69)
# Java VM: Java HotSpot(TM) 64-Bit Server VM (25.0.2+10-LTS-69, mixed mode, sharing, tiered, compressed oops, compressed class ptrs, g1 gc, windows-amd64)
# No core dump will be written. Minidumps are not enabled by default on client versions of Windows
#

---------------  S U M M A R Y ------------

Command Line: -Dapplication.home=C:\Program Files\Java\jdk-25.0.2 --add-modules=ALL-DEFAULT -Xms8m -Djdk.module.main=jdk.compiler jdk.compiler/com.sun.tools.javac.Main TreeSetOperations.java

Host: Intel(R) Core(TM) i5-8350U CPU @ 1.70GHz, 8 cores, 7G,  Windows 11 , 64 bit Build 26100 (10.0.26100.8737)
Time: Tue Jul 14 23:46:23 2026 India Standard Time elapsed time: 0.201059 seconds (0d 0h 0m 0s)

---------------  T H R E A D  ---------------

Current thread (0x000001eebbee8aa0):  JavaThread "C2 CompilerThread0" daemon [_thread_in_native, id=8560, stack(0x000000b1df500000,0x000000b1df600000) (1024K)]


Current CompileTask:
C2:201  454       4       java.lang.StringLatin1::replace (197 bytes)

Stack: [0x000000b1df500000,0x000000b1df600000]
Native frames: (J=compiled Java code, j=interpreted, Vv=VM code, C=native code)
V  [jvm.dll+0x7a70f9]  (no source info available)
V  [jvm.dll+0x772d6d]  (no source info available)
V  [jvm.dll+0x965d53]  (no source info available)
V  [jvm.dll+0x968351]  (no source info available)
V  [jvm.dll+0x968a63]  (no source info available)
V  [jvm.dll+0x2fc846]  (no source info available)
V  [jvm.dll+0x111b16]  (no source info available)
V  [jvm.dll+0x111e3e]  (no source info available)
V  [jvm.dll+0x1a0872]  (no source info available)
V  [jvm.dll+0x3b54c2]  (no source info available)
V  [jvm.dll+0x7aca8f]  (no source info available)
V  [jvm.dll+0x2c0b97]  (no source info available)
V  [jvm.dll+0x2bfb5f]  (no source info available)
V  [jvm.dll+0x2379a0]  (no source info available)
V  [jvm.dll+0x2cfc86]  (no source info available)
V  [jvm.dll+0x2cdf05]  (no source info available)
V  [jvm.dll+0x48e9d1]  (no source info available)
V  [jvm.dll+0x906fcd]  (no source info available)
V  [jvm.dll+0x7a56d5]  (no source info available)
C  [ucrtbase.dll+0x2cd30]  (no source info available)
C  [KERNEL32.DLL+0x2e957]  (no source info available)
C  [ntdll.dll+0xaad6c]  (no source info available)

Lock stack of current Java thread (top to bottom):


---------------  P R O C E S S  ---------------

Threads class SMR info:
_java_thread_list=0x000001eec14c0ac0, length=12, elements={
0x000001ee9d541cb0, 0x000001eebbec7590, 0x000001eebbeca000, 0x000001eebbecbf80,
0x000001eebbeccc70, 0x000001eebbecfd20, 0x000001eebbed08e0, 0x000001eebbee8aa0,
0x000001eebbefe420, 0x000001eebc86e170, 0x000001eebc8bcc20, 0x000001eec154bd30
}

Java Threads: ( => current thread )
  0x000001ee9d541cb0 JavaThread "main"                              [_thread_in_Java, id=9364, stack(0x000000b1de700000,0x000000b1de800000) (1024K)]
  0x000001eebbec7590 JavaThread "Reference Handler"          daemon [_thread_blocked, id=336, stack(0x000000b1def00000,0x000000b1df000000) (1024K)]
  0x000001eebbeca000 JavaThread "Finalizer"                  daemon [_thread_blocked, id=13868, stack(0x000000b1df000000,0x000000b1df100000) (1024K)]
  0x000001eebbecbf80 JavaThread "Signal Dispatcher"          daemon [_thread_blocked, id=352, stack(0x000000b1df100000,0x000000b1df200000) (1024K)]
  0x000001eebbeccc70 JavaThread "Attach Listener"            daemon [_thread_blocked, id=17988, stack(0x000000b1df200000,0x000000b1df300000) (1024K)]
  0x000001eebbecfd20 JavaThread "Service Thread"             daemon [_thread_blocked, id=16396, stack(0x000000b1df300000,0x000000b1df400000) (1024K)]
  0x000001eebbed08e0 JavaThread "Monitor Deflation Thread"   daemon [_thread_blocked, id=18304, stack(0x000000b1df400000,0x000000b1df500000) (1024K)]
=>0x000001eebbee8aa0 JavaThread "C2 CompilerThread0"         daemon [_thread_in_native, id=8560, stack(0x000000b1df500000,0x000000b1df600000) (1024K)]
  0x000001eebbefe420 JavaThread "C1 CompilerThread0"         daemon [_thread_in_vm, id=19020, stack(0x000000b1df600000,0x000000b1df700000) (1024K)]
  0x000001eebc86e170 JavaThread "Notification Thread"        daemon [_thread_blocked, id=3136, stack(0x000000b1df700000,0x000000b1df800000) (1024K)]
  0x000001eebc8bcc20 JavaThread "Common-Cleaner"             daemon [_thread_blocked, id=21396, stack(0x000000b1df800000,0x000000b1df900000) (1024K)]
  0x000001eec154bd30 JavaThread "C2 CompilerThread1"         daemon [_thread_in_native, id=2176, stack(0x000000b1dfa00000,0x000000b1dfb00000) (1024K)]
Total: 12

Other Threads:
  0x000001eebbeb7370 VMThread "VM Thread"                           [id=11548, stack(0x000000b1dee00000,0x000000b1def00000) (1024K)]
  0x000001eebbea8700 WatcherThread "VM Periodic Task Thread"        [id=10280, stack(0x000000b1ded00000,0x000000b1dee00000) (1024K)]
  0x000001ee9f966b40 WorkerThread "GC Thread#0"                     [id=17800, stack(0x000000b1de800000,0x000000b1de900000) (1024K)]
  0x000001eebc965fe0 WorkerThread "GC Thread#1"                     [id=14984, stack(0x000000b1df900000,0x000000b1dfa00000) (1024K)]
  0x000001ee9f9bdb80 ConcurrentGCThread "G1 Main Marker"            [id=17484, stack(0x000000b1de900000,0x000000b1dea00000) (1024K)]
  0x000001ee9f9bf6d0 WorkerThread "G1 Conc#0"                       [id=8388, stack(0x000000b1dea00000,0x000000b1deb00000) (1024K)]
  0x000001ee9f9ce180 ConcurrentGCThread "G1 Refine#0"               [id=19072, stack(0x000000b1deb00000,0x000000b1dec00000) (1024K)]
  0x000001eebbd75800 ConcurrentGCThread "G1 Service"                [id=10140, stack(0x000000b1dec00000,0x000000b1ded00000) (1024K)]
Total: 8

Threads with active compile tasks:
C2 CompilerThread0  259  454       4       java.lang.StringLatin1::replace (197 bytes)
C2 CompilerThread1  259  558       4       java.lang.StringBuilder::append (8 bytes)
Total: 2

VM state: not at safepoint (normal execution)

VM Mutex/Monitor currently owned by a thread: None

Heap address: 0x0000000082200000, size: 2014 MB, Compressed Oops mode: 32-bit

CDS archive(s) mapped at: [0x000000000c000000-0x000000000cdd0000-0x000000000cdd0000), size 14483456, SharedBaseAddress: 0x000000000c000000, ArchiveRelocationMode: 1.
Compressed class space mapped at: 0x000000000d000000-0x000000004d000000, reserved size: 1073741824
UseCompressedClassPointers 1, UseCompactObjectHeaders 0
Narrow klass pointer bits 32, Max shift 3
Narrow klass base: 0x000000000c000000, Narrow klass shift: 0
Encoding Range: [0x000000000c000000 - 0x000000010c000000), (4294967296 bytes)
Klass Range:    [0x000000000c010000 - 0x000000004d000000), (1090453504 bytes)
Klass ID Range:  [65536 - 1090519033) (1090453497)
Protection zone: [0x000000000c000000 - 0x000000000c010000), (65536 bytes)

GC Precious Log:
 CardTable entry size: 512
 Card Set container configuration: InlinePtr #cards 5 size 8 Array Of Cards #cards 10 size 36 Howl #buckets 4 coarsen threshold 1843 Howl Bitmap #cards 512 size 80 coarsen threshold 460 Card regions per heap region 1 cards per card region 2048
 CPUs: 8 total, 8 available
 Memory: 8050M
 Large Page Support: Disabled
 NUMA Support: Disabled
 Compressed Oops: Enabled (32-bit)
 Heap Region Size: 1M
 Heap Min Capacity: 8M
 Heap Initial Capacity: 8M
 Heap Max Capacity: 2014M
 Pre-touch: Disabled
 Parallel Workers: 8
 Concurrent Workers: 2
 Concurrent Refinement Workers: 8
 Periodic GC: Disabled

Heap:
 garbage-first heap   total reserved 2062336K, committed 10240K, used 2229K [0x0000000082200000, 0x0000000100000000)
  region size 1024K, 2 young (2048K), 1 survivors (1024K)

Heap Regions: E=young(eden), S=young(survivor), O=old, HS=humongous(starts), HC=humongous(continues), CS=collection set, F=free, TAMS=top-at-mark-start, PB=parsable bottom
|   0|0x0000000082200000, 0x0000000082208000, 0x0000000082300000|  3%| O|  |TAMS 0x0000000082200000| PB 0x0000000082200000| Untracked |  0
|   1|0x0000000082300000, 0x0000000082300000, 0x0000000082400000|  0%| F|  |TAMS 0x0000000082300000| PB 0x0000000082300000| Untracked |  0
|   2|0x0000000082400000, 0x0000000082400000, 0x0000000082500000|  0%| F|  |TAMS 0x0000000082400000| PB 0x0000000082400000| Untracked |  0
|   3|0x0000000082500000, 0x0000000082600000, 0x0000000082600000|100%| S|CS|TAMS 0x0000000082500000| PB 0x0000000082500000| Complete |  0
|   4|0x0000000082600000, 0x0000000082600000, 0x0000000082700000|  0%| F|  |TAMS 0x0000000082600000| PB 0x0000000082600000| Untracked |  0
|   5|0x0000000082700000, 0x0000000082700000, 0x0000000082800000|  0%| F|  |TAMS 0x0000000082700000| PB 0x0000000082700000| Untracked |  0
|   6|0x0000000082800000, 0x0000000082800000, 0x0000000082900000|  0%| F|  |TAMS 0x0000000082800000| PB 0x0000000082800000| Untracked |  0
|   7|0x0000000082900000, 0x00000000829ddfd8, 0x0000000082a00000| 86%| E|  |TAMS 0x0000000082900000| PB 0x0000000082900000| Complete |  0
|2012|0x00000000ffe00000, 0x00000000fff00000, 0x00000000fff00000|100%| O|  |TAMS 0x00000000ffe00000| PB 0x00000000ffe00000| Untracked |  0
|2013|0x00000000fff00000, 0x00000000fff257b8, 0x0000000100000000| 14%| O|  |TAMS 0x00000000fff00000| PB 0x00000000fff00000| Untracked |  0

Card table byte_map: [0x000001eeb78c0000,0x000001eeb7cb0000] _byte_map_base: 0x000001eeb74af000

Marking Bits: (CMBitMap*) 0x000001ee9f9672d0
 Bits: [0x000001eeb7cb0000, 0x000001eeb9c28000)

Polling page: 0x000001ee9d760000

Metaspace:
Metaspace        used 5086K, committed 5248K, reserved 1114112K
 class space     used 633K, committed 704K, reserved 1048576K

Usage:
  Non-class:      4.35 MB used.
      Class:    633.78 KB used.
       Both:      4.97 MB used.

Virtual space:
  Non-class space:       64.00 MB reserved,       4.44 MB (  7%) committed,  1 nodes.
      Class space:        1.00 GB reserved,     704.00 KB ( <1%) committed,  1 nodes.
             Both:        1.06 GB reserved,       5.12 MB ( <1%) committed. 

Chunk freelists:
   Non-Class:  8.34 MB
       Class:  15.16 MB
        Both:  23.50 MB

MaxMetaspaceSize: unlimited
CompressedClassSpaceSize: 1.00 GB
Initial GC threshold: 21.00 MB
Current GC threshold: 21.00 MB
CDS: on
 - commit_granule_bytes: 65536.
 - commit_granule_words: 8192.
 - virtual_space_node_default_size: 8388608.
 - enlarge_chunks_in_place: 1.
UseCompressedClassPointers 1, UseCompactObjectHeaders 0
Narrow klass pointer bits 32, Max shift 3
Narrow klass base: 0x000000000c000000, Narrow klass shift: 0
Encoding Range: [0x000000000c000000 - 0x000000010c000000), (4294967296 bytes)
Klass Range:    [0x000000000c010000 - 0x000000004d000000), (1090453504 bytes)
Klass ID Range:  [65536 - 1090519033) (1090453497)
Protection zone: [0x000000000c000000 - 0x000000000c010000), (65536 bytes)


Internal statistics:

num_allocs_failed_limit: 0.
num_arena_births: 32.
num_arena_deaths: 0.
num_vsnodes_births: 2.
num_vsnodes_deaths: 0.
num_space_committed: 82.
num_space_uncommitted: 0.
num_chunks_returned_to_freelist: 0.
num_chunks_taken_from_freelist: 220.
num_chunk_merges: 0.
num_chunk_splits: 152.
num_chunks_enlarged: 116.
num_inconsistent_stats: 0.

CodeHeap 'non-profiled nmethods': size=120064Kb used=164Kb max_used=164Kb free=119899Kb
 bounds [0x000001eeafc60000, 0x000001eeafed0000, 0x000001eeb71a0000]
CodeHeap 'profiled nmethods': size=120000Kb used=657Kb max_used=657Kb free=119342Kb
 bounds [0x000001eea81a0000, 0x000001eea8410000, 0x000001eeaf6d0000]
CodeHeap 'non-nmethods': size=5696Kb used=1297Kb max_used=1297Kb free=4398Kb
 bounds [0x000001eeaf6d0000, 0x000001eeaf940000, 0x000001eeafc60000]
CodeCache: size=245760Kb, used=2118Kb, max_used=2118Kb, free=243639Kb
 total_blobs=964, nmethods=560, adapters=305, full_count=0
Compilation: enabled, stopped_count=0, restarted_count=0

Compilation events (20 events):
Event: 0.178 Thread 0x000001eebbefe420 nmethod 443 0x000001eeafc85688 code [0x000001eeafc85780, 0x000001eeafc85848]
Event: 0.179 Thread 0x000001eebbefe420  445       3       jdk.internal.jimage.ImageLocation::<init> (27 bytes)
Event: 0.179 Thread 0x000001eebbefe420 nmethod 445 0x000001eea8213b88 code [0x000001eea8213c80, 0x000001eea8214218]
Event: 0.179 Thread 0x000001eebbefe420  446       3       jdk.internal.jimage.ImageReader::getResourceBuffer (13 bytes)
Event: 0.179 Thread 0x000001eebbefe420 nmethod 446 0x000001eea8214288 code [0x000001eea8214380, 0x000001eea82146c0]
Event: 0.179 Thread 0x000001eebbefe420  447   !   3       jdk.internal.jimage.BasicImageReader::getResourceBuffer (203 bytes)
Event: 0.180 Thread 0x000001eebbefe420 nmethod 447 0x000001eea8214708 code [0x000001eea8214800, 0x000001eea8216500]
Event: 0.180 Thread 0x000001eebbefe420  448       3       jdk.internal.jimage.ImageLocation::getContentOffset (6 bytes)
Event: 0.180 Thread 0x000001eebbefe420 nmethod 448 0x000001eea8216588 code [0x000001eea8216680, 0x000001eea82167c0]
Event: 0.180 Thread 0x000001eebbefe420  449       3       jdk.internal.jimage.ImageLocation::getCompressedSize (7 bytes)
Event: 0.180 Thread 0x000001eebbefe420 nmethod 449 0x000001eea8216888 code [0x000001eea8216980, 0x000001eea8216ac0]
Event: 0.180 Thread 0x000001eebbefe420  450   !   3       java.lang.ClassLoader::addClass (27 bytes)
Event: 0.181 Thread 0x000001eebbefe420 nmethod 450 0x000001eea8216b88 code [0x000001eea8216c80, 0x000001eea8217298]
Event: 0.182 Thread 0x000001eebbefe420  451       3       java.security.CodeSource::matchCerts (254 bytes)
Event: 0.183 Thread 0x000001eebbefe420 nmethod 451 0x000001eea8217308 code [0x000001eea8217400, 0x000001eea8217e40]
Event: 0.183 Thread 0x000001eebbefe420  452   !   3       jdk.internal.loader.BuiltinClassLoader::defineClass (162 bytes)
Event: 0.184 Thread 0x000001eebbefe420 nmethod 452 0x000001eea8217e88 code [0x000001eea8217f80, 0x000001eea821a200]
Event: 0.184 Thread 0x000001eebbefe420  453       3       java.lang.ClassLoader::compareCerts (197 bytes)
Event: 0.184 Thread 0x000001eebbefe420 nmethod 453 0x000001eea821a288 code [0x000001eea821a380, 0x000001eea821ab70]
Event: 0.186 Thread 0x000001eebbee8aa0  454       4       java.lang.StringLatin1::replace (197 bytes)

GC Heap Usage History (0 events):
No events

Metaspace Usage History (0 events):
No events

Dll operation events (4 events):
Event: 0.011 Loaded shared library C:\Program Files\Java\jdk-25.0.2\bin\java.dll
Event: 0.074 Loaded shared library C:\Program Files\Java\jdk-25.0.2\bin\jimage.dll
Event: 0.129 Loaded shared library C:\Program Files\Java\jdk-25.0.2\bin\net.dll
Event: 0.131 Loaded shared library C:\Program Files\Java\jdk-25.0.2\bin\nio.dll

Deoptimization events (20 events):
Event: 0.125 Thread 0x000001ee9d541cb0 Uncommon trap: trap_request=0xffffffc6 fr.pc=0x000001eeafc75074 relative=0x00000000000008f4
Event: 0.125 Thread 0x000001ee9d541cb0 Uncommon trap: reason=bimorphic_or_optimized_type_check action=maybe_recompile pc=0x000001eeafc75074 method=java.util.HashMap.putVal(ILjava/lang/Object;Ljava/lang/Object;ZZ)Ljava/lang/Object; @ 56 c2
Event: 0.125 Thread 0x000001ee9d541cb0 DEOPT PACKING pc=0x000001eeafc75074 sp=0x000000b1de7fea40
Event: 0.125 Thread 0x000001ee9d541cb0 DEOPT UNPACKING pc=0x000001eeaf7f1082 sp=0x000000b1de7fe9a8 mode 2
Event: 0.125 Thread 0x000001ee9d541cb0 Uncommon trap: trap_request=0xffffffc6 fr.pc=0x000001eeafc75074 relative=0x00000000000008f4
Event: 0.125 Thread 0x000001ee9d541cb0 Uncommon trap: reason=bimorphic_or_optimized_type_check action=maybe_recompile pc=0x000001eeafc75074 method=java.util.HashMap.putVal(ILjava/lang/Object;Ljava/lang/Object;ZZ)Ljava/lang/Object; @ 56 c2
Event: 0.125 Thread 0x000001ee9d541cb0 DEOPT PACKING pc=0x000001eeafc75074 sp=0x000000b1de7fea40
Event: 0.125 Thread 0x000001ee9d541cb0 DEOPT UNPACKING pc=0x000001eeaf7f1082 sp=0x000000b1de7fe9a8 mode 2
Event: 0.125 Thread 0x000001ee9d541cb0 Uncommon trap: trap_request=0xffffffc6 fr.pc=0x000001eeafc750c0 relative=0x0000000000000940
Event: 0.125 Thread 0x000001ee9d541cb0 Uncommon trap: reason=bimorphic_or_optimized_type_check action=maybe_recompile pc=0x000001eeafc750c0 method=java.util.HashMap.putVal(ILjava/lang/Object;Ljava/lang/Object;ZZ)Ljava/lang/Object; @ 152 c2
Event: 0.125 Thread 0x000001ee9d541cb0 DEOPT PACKING pc=0x000001eeafc750c0 sp=0x000000b1de7fea40
Event: 0.125 Thread 0x000001ee9d541cb0 DEOPT UNPACKING pc=0x000001eeaf7f1082 sp=0x000000b1de7fe9b0 mode 2
Event: 0.125 Thread 0x000001ee9d541cb0 Uncommon trap: trap_request=0xffffffc6 fr.pc=0x000001eeafc75074 relative=0x00000000000008f4
Event: 0.125 Thread 0x000001ee9d541cb0 Uncommon trap: reason=bimorphic_or_optimized_type_check action=maybe_recompile pc=0x000001eeafc75074 method=java.util.HashMap.putVal(ILjava/lang/Object;Ljava/lang/Object;ZZ)Ljava/lang/Object; @ 56 c2
Event: 0.125 Thread 0x000001ee9d541cb0 DEOPT PACKING pc=0x000001eeafc75074 sp=0x000000b1de7fea40
Event: 0.125 Thread 0x000001ee9d541cb0 DEOPT UNPACKING pc=0x000001eeaf7f1082 sp=0x000000b1de7fe9a8 mode 2
Event: 0.144 Thread 0x000001ee9d541cb0 Uncommon trap: trap_request=0xffffff45 fr.pc=0x000001eeafc7bdf4 relative=0x0000000000000674
Event: 0.144 Thread 0x000001ee9d541cb0 Uncommon trap: reason=unstable_if action=reinterpret pc=0x000001eeafc7bdf4 method=java.util.HashMap.putVal(ILjava/lang/Object;Ljava/lang/Object;ZZ)Ljava/lang/Object; @ 181 c2
Event: 0.144 Thread 0x000001ee9d541cb0 DEOPT PACKING pc=0x000001eeafc7bdf4 sp=0x000000b1de7ff060
Event: 0.144 Thread 0x000001ee9d541cb0 DEOPT UNPACKING pc=0x000001eeaf7f1082 sp=0x000000b1de7fefd0 mode 2

Classes loaded (20 events):
Event: 0.125 Loading class java/lang/ProcessEnvironment$CheckedEntry
Event: 0.125 Loading class java/lang/ProcessEnvironment$CheckedEntry done
Event: 0.127 Loading class java/nio/file/AccessMode
Event: 0.127 Loading class java/nio/file/AccessMode done
Event: 0.139 Loading class sun/nio/fs/WindowsPath$1
Event: 0.139 Loading class sun/nio/fs/WindowsPath$1 done
Event: 0.144 Loading class java/nio/file/FileSystemNotFoundException
Event: 0.144 Loading class java/nio/file/FileSystemNotFoundException done
Event: 0.144 Loading class java/util/JumboEnumSet$EnumSetIterator
Event: 0.144 Loading class java/util/JumboEnumSet$EnumSetIterator done
Event: 0.154 Loading class java/util/concurrent/Callable
Event: 0.154 Loading class java/util/concurrent/Callable done
Event: 0.157 Loading class java/io/StringWriter
Event: 0.157 Loading class java/io/StringWriter done
Event: 0.171 Loading class java/nio/file/ReadOnlyFileSystemException
Event: 0.171 Loading class java/nio/file/ReadOnlyFileSystemException done
Event: 0.180 Loading class java/nio/file/ClosedFileSystemException
Event: 0.180 Loading class java/nio/file/ClosedFileSystemException done
Event: 0.184 Loading class java/util/AbstractQueue
Event: 0.184 Loading class java/util/AbstractQueue done

Classes unloaded (0 events):
No events

Classes redefined (0 events):
No events

Internal exceptions (4 events):
Event: 0.092 Thread 0x000001ee9d541cb0 Exception <a 'java/lang/NoSuchMethodError'{0x000000008288d368}: 'void java.lang.invoke.DirectMethodHandle$Holder.invokeSpecial(java.lang.Object, java.lang.Object, java.lang.Object)'> (0x000000008288d368) 
thrown [s\open\src\hotspot\share\interpreter\linkResolver.cpp, line 804]
Event: 0.148 Thread 0x000001ee9d541cb0 Exception <a 'java/lang/NoSuchMethodError'{0x0000000082607338}: 'int java.lang.invoke.DirectMethodHandle$Holder.invokeVirtual(java.lang.Object, java.lang.Object, java.lang.Object)'> (0x0000000082607338) 
thrown [s\open\src\hotspot\share\interpreter\linkResolver.cpp, line 804]
Event: 0.149 Thread 0x000001ee9d541cb0 Exception <a 'java/lang/NoSuchMethodError'{0x0000000082616d08}: 'void java.lang.invoke.DirectMethodHandle$Holder.invokeInterface(java.lang.Object, java.lang.Object, java.lang.Object)'> (0x0000000082616d08) 
thrown [s\open\src\hotspot\share\interpreter\linkResolver.cpp, line 804]
Event: 0.153 Thread 0x000001ee9d541cb0 Exception <a 'java/lang/NoSuchMethodError'{0x000000008263cab0}: 'java.lang.Object java.lang.invoke.DirectMethodHandle$Holder.invokeStaticInit(java.lang.Object)'> (0x000000008263cab0) 
thrown [s\open\src\hotspot\share\interpreter\linkResolver.cpp, line 804]

VM Operations (4 events):
Event: 0.124 Executing non-safepoint VM operation: HandshakeAllThreads (Deoptimize)
Event: 0.124 Executing non-safepoint VM operation: HandshakeAllThreads (Deoptimize) done
Event: 0.158 Executing non-safepoint VM operation: HandshakeAllThreads (Deoptimize)
Event: 0.158 Executing non-safepoint VM operation: HandshakeAllThreads (Deoptimize) done

Memory protections (0 events):
No events

Nmethod flushes (0 events):
No events

Events (11 events):
Event: 0.029 Thread 0x000001ee9d541cb0 Thread added: 0x000001ee9d541cb0
Event: 0.040 Thread 0x000001ee9d541cb0 Thread added: 0x000001eebbec7590
Event: 0.040 Thread 0x000001ee9d541cb0 Thread added: 0x000001eebbeca000
Event: 0.040 Thread 0x000001ee9d541cb0 Thread added: 0x000001eebbecbf80
Event: 0.040 Thread 0x000001ee9d541cb0 Thread added: 0x000001eebbeccc70
Event: 0.040 Thread 0x000001ee9d541cb0 Thread added: 0x000001eebbecfd20
Event: 0.041 Thread 0x000001ee9d541cb0 Thread added: 0x000001eebbed08e0
Event: 0.041 Thread 0x000001ee9d541cb0 Thread added: 0x000001eebbee8aa0
Event: 0.041 Thread 0x000001ee9d541cb0 Thread added: 0x000001eebbefe420
Event: 0.070 Thread 0x000001ee9d541cb0 Thread added: 0x000001eebc86e170
Event: 0.128 Thread 0x000001ee9d541cb0 Thread added: 0x000001eebc8bcc20


Dynamic libraries:
0x00007ff7841e0000 - 0x00007ff7841e8000 	C:\Program Files\Java\jdk-25.0.2\bin\javac.exe
0x00007fffae4a0000 - 0x00007fffae706000 	C:\WINDOWS\SYSTEM32\ntdll.dll
0x00007fffad760000 - 0x00007fffad829000 	C:\WINDOWS\System32\KERNEL32.DLL
0x00007fffabd00000 - 0x00007fffac100000 	C:\WINDOWS\System32\KERNELBASE.dll
0x00007fffaba20000 - 0x00007fffabb6c000 	C:\WINDOWS\System32\ucrtbase.dll
0x00007fff8ec50000 - 0x00007fff8ec6e000 	C:\Program Files\Java\jdk-25.0.2\bin\VCRUNTIME140.dll
0x00007fffa16d0000 - 0x00007fffa16e7000 	C:\Program Files\Java\jdk-25.0.2\bin\jli.dll
0x00007fffad2e0000 - 0x00007fffad4a7000 	C:\WINDOWS\System32\USER32.dll
0x00007fff96700000 - 0x00007fff96992000 	C:\WINDOWS\WinSxS\amd64_microsoft.windows.common-controls_6595b64144ccf1df_6.0.26100.8737_none_3e092eaee333b772\COMCTL32.dll
0x00007fffab9f0000 - 0x00007fffaba17000 	C:\WINDOWS\System32\win32u.dll
0x00007fffad510000 - 0x00007fffad5b9000 	C:\WINDOWS\System32\msvcrt.dll
0x00007fffad4d0000 - 0x00007fffad4fb000 	C:\WINDOWS\System32\GDI32.dll
0x00007fffab8c0000 - 0x00007fffab9e9000 	C:\WINDOWS\System32\gdi32full.dll
0x00007fffab780000 - 0x00007fffab823000 	C:\WINDOWS\System32\msvcp_win.dll
0x00007ffface00000 - 0x00007ffface32000 	C:\WINDOWS\System32\IMM32.DLL
0x00007fffa2d30000 - 0x00007fffa2d3c000 	C:\Program Files\Java\jdk-25.0.2\bin\vcruntime140_1.dll
0x00007fff862e0000 - 0x00007fff8636d000 	C:\Program Files\Java\jdk-25.0.2\bin\msvcp140.dll
0x00007fff34b10000 - 0x00007fff3596f000 	C:\Program Files\Java\jdk-25.0.2\bin\server\jvm.dll
0x00007fffadb80000 - 0x00007fffadc37000 	C:\WINDOWS\System32\ADVAPI32.dll
0x00007fffad200000 - 0x00007fffad2aa000 	C:\WINDOWS\System32\sechost.dll
0x00007fffaddd0000 - 0x00007fffadee8000 	C:\WINDOWS\System32\RPCRT4.dll
0x00007fffae2d0000 - 0x00007fffae350000 	C:\WINDOWS\System32\WS2_32.dll
0x00007fffab540000 - 0x00007fffab59e000 	C:\WINDOWS\SYSTEM32\POWRPROF.dll
0x00007fff985e0000 - 0x00007fff98616000 	C:\WINDOWS\SYSTEM32\WINMM.dll
0x00007fffa06e0000 - 0x00007fffa06eb000 	C:\WINDOWS\SYSTEM32\VERSION.dll
0x00007fffab520000 - 0x00007fffab534000 	C:\WINDOWS\SYSTEM32\UMPDC.dll
0x00007fffaa360000 - 0x00007fffaa37b000 	C:\WINDOWS\SYSTEM32\kernel.appcore.dll
0x00007fffa16c0000 - 0x00007fffa16ca000 	C:\Program Files\Java\jdk-25.0.2\bin\jimage.dll
0x00007fffa5c30000 - 0x00007fffa5e72000 	C:\WINDOWS\SYSTEM32\DBGHELP.DLL
0x00007fffadf40000 - 0x00007fffae2c3000 	C:\WINDOWS\System32\combase.dll
0x00007fffad120000 - 0x00007fffad1f9000 	C:\WINDOWS\System32\OLEAUT32.dll
0x00007fff89f50000 - 0x00007fff89f8b000 	C:\WINDOWS\SYSTEM32\dbgcore.DLL
0x00007fffac110000 - 0x00007fffac1bc000 	C:\WINDOWS\System32\bcryptPrimitives.dll
0x00007fff8ec30000 - 0x00007fff8ec4f000 	C:\Program Files\Java\jdk-25.0.2\bin\java.dll
0x00007fffad5c0000 - 0x00007fffad759000 	C:\WINDOWS\System32\ole32.dll
0x00007fffac1d0000 - 0x00007fffac962000 	C:\WINDOWS\System32\SHELL32.dll
0x00007fffa9140000 - 0x00007fffa99d2000 	C:\WINDOWS\SYSTEM32\windows.storage.dll
0x00007ffface40000 - 0x00007fffacf37000 	C:\WINDOWS\System32\SHCORE.dll
0x00007fffadd50000 - 0x00007fffaddb7000 	C:\WINDOWS\System32\shlwapi.dll
0x00007fffab5e0000 - 0x00007fffab609000 	C:\WINDOWS\SYSTEM32\profapi.dll
0x00007fff86190000 - 0x00007fff861a2000 	C:\Program Files\Java\jdk-25.0.2\bin\net.dll
0x00007fffaa8f0000 - 0x00007fffaa95c000 	C:\WINDOWS\system32\mswsock.dll
0x00007fff85e70000 - 0x00007fff85e86000 	C:\Program Files\Java\jdk-25.0.2\bin\nio.dll

JVMTI agents: none

dbghelp: loaded successfully - version: 4.0.5 - missing functions: none
symbol engine: initialized successfully - sym options: 0x614 - pdb path: .;C:\Program Files\Java\jdk-25.0.2\bin;C:\WINDOWS\SYSTEM32;C:\WINDOWS\WinSxS\amd64_microsoft.windows.common-controls_6595b64144ccf1df_6.0.26100.8737_none_3e092eaee333b772;C:\Program Files\Java\jdk-25.0.2\bin\server

VM Arguments:
jvm_args: -Dapplication.home=C:\Program Files\Java\jdk-25.0.2 --add-modules=ALL-DEFAULT -Xms8m -Djdk.module.main=jdk.compiler 
java_command: jdk.compiler/com.sun.tools.javac.Main TreeSetOperations.java
java_class_path (initial): <not set>
Launcher Type: SUN_STANDARD

[Global flags]
     intx CICompilerCount                          = 4                                         {product} {ergonomic}
     uint ConcGCThreads                            = 2                                         {product} {ergonomic}
     uint G1ConcRefinementThreads                  = 8                                         {product} {ergonomic}
   size_t G1HeapRegionSize                         = 1048576                                   {product} {ergonomic}
   size_t InitialHeapSize                          = 8388608                                   {product} {command line}
   size_t MarkStackSize                            = 4194304                                   {product} {ergonomic}
   size_t MarkStackSizeMax                         = 536870912                                 {product} {ergonomic}
   size_t MaxHeapSize                              = 2111832064                                {product} {ergonomic}
   size_t MaxNewSize                               = 1266679808                                {product} {ergonomic}
   size_t MinHeapDeltaBytes                        = 1048576                                   {product} {ergonomic}
   size_t MinHeapSize                              = 8388608                                   {product} {command line}
    uintx NonNMethodCodeHeapSize                   = 5832704                                {pd product} {ergonomic}
    uintx NonProfiledCodeHeapSize                  = 122945536                              {pd product} {ergonomic}
    uintx ProfiledCodeHeapSize                     = 122880000                              {pd product} {ergonomic}
    uintx ReservedCodeCacheSize                    = 251658240                              {pd product} {ergonomic}
     bool SegmentedCodeCache                       = true                                      {product} {ergonomic}
   size_t SoftMaxHeapSize                          = 2111832064                             {manageable} {ergonomic}
     bool UseCompressedOops                        = true                           {product lp64_product} {ergonomic}
     bool UseG1GC                                  = true                                      {product} {ergonomic}
     bool UseLargePagesIndividualAllocation        = false                                  {pd product} {ergonomic}

Logging:
Log output configuration:
 #0: stdout all=warning uptime,level,tags foldmultilines=false
 #1: stderr all=off uptime,level,tags foldmultilines=false

Release file:
IMPLEMENTOR="Oracle Corporation" 
JAVA_RUNTIME_VERSION="25.0.2+10-LTS-69" 
JAVA_VERSION="25.0.2" 
JAVA_VERSION_DATE="2026-01-20" 
LIBC="default" 
MODULES="java.base java.compiler java.datatransfer java.xml java.prefs java.desktop java.instrument java.logging java.management java.security.sasl java.naming java.rmi java.management.rmi java.net.http java.scripting java.security.jgss java.transaction.xa java.sql java.sql.rowset java.xml.crypto java.se java.smartcardio jdk.accessibility jdk.internal.jvmstat jdk.attach jdk.charsets jdk.internal.opt jdk.zipfs jdk.compiler jdk.crypto.cryptoki jdk.crypto.ec jdk.crypto.mscapi jdk.dynalink jdk.internal.ed jdk.editpad jdk.internal.vm.ci jdk.graal.compiler jdk.graal.compiler.management jdk.hotspot.agent jdk.httpserver jdk.incubator.vector jdk.internal.le jdk.internal.md jdk.jartool jdk.javadoc jdk.jcmd jdk.management jdk.management.agent jdk.jconsole jdk.jdeps jdk.jdwp.agent jdk.jdi jdk.jfr jdk.jlink jdk.jpackage jdk.jshell jdk.jsobject jdk.jstatd jdk.localedata jdk.management.jfr jdk.naming.dns jdk.naming.rmi jdk.net jdk.nio.mapmode jdk.sctp jdk.security.auth jdk.security.jgss jdk.unsupported jdk.unsupported.desktop jdk.xml.dom" 
OS_ARCH="x86_64" 
OS_NAME="Windows" 
SOURCE=".:git:b75efb40c93a open:git:405a5699ebd0" 

Environment Variables:
JAVA_HOME=C:\java\jdk1.8.0_481\bin
PATH=C:\Program Files\Common Files\Oracle\Java\javapath;C:\Program Files (x86)\Common Files\Oracle\Java\java8path;C:\Program Files (x86)\Common Files\Oracle\Java\javapath;C:\Program Files\MongoDB\Server\8.0\bin;C:\ProgramData\chocolatey\bin;C:\Windows\System32;C:\Program Files\Java\jdk-25.0.2\bin;C:\Program Files\Git\cmd;C:\Users\Happy\AppData\Local\Programs\Python\Python313\Scripts\;C:\Users\Happy\AppData\Local\Programs\Python\Python313\;C:\Users\Happy\AppData\Local\Programs\Python\Launcher\;C:\Users\Happy\AppData\Local\Microsoft\WindowsApps;C:\Users\Happy\AppData\Local\Programs\Microsoft VS Code\bin;C:\flutter\bin;c:\Users\Happy\.vscode\extensions\vscjava.vscode-java-debug-0.59.0\bundled\scripts\noConfigScripts
USERNAME=Dell
LANG=en_US.UTF-8
OS=Windows_NT
PROCESSOR_IDENTIFIER=Intel64 Family 6 Model 142 Stepping 10, GenuineIntel
TMP=C:\Users\Happy\AppData\Local\Temp
TEMP=C:\Users\Happy\AppData\Local\Temp




Compilation memory statistics disabled.

Periodic native trim disabled

---------------  S Y S T E M  ---------------

OS:
 Windows 11 , 64 bit Build 26100 (10.0.26100.8737)
OS uptime: 0 days 11:58 hours
Hyper-V role detected

CPU: total 8 (initial active 8) (4 cores per cpu, 2 threads per core) family 6 model 142 stepping 10 microcode 0xf4, cx8, cmov, fxsr, ht, mmx, 3dnowpref, sse, sse2, sse3, ssse3, sse4.1, sse4.2, popcnt, lzcnt, tsc, tscinvbit, avx, avx2, aes, erms, clmul, bmi1, bmi2, rtm, adx, fma, vzeroupper, clflush, clflushopt, hv, rdtscp, f16c
Processor Information for the first 8 processors :
  Max Mhz: 1896, Current Mhz: 1696, Mhz Limit: 1687

Memory: 4k page, system-wide physical 8050M (892M free)
TotalPageFile size 13756M (AvailPageFile size 3M)
current process WorkingSet (physical memory assigned to process): 66M, peak: 66M
current process commit charge ("private bytes"): 103M, peak: 103M

vm_info: Java HotSpot(TM) 64-Bit Server VM (25.0.2+10-LTS-69) for windows-amd64 JRE (25.0.2+10-LTS-69), built on 2025-12-18T11:36:35Z with MS VC++ 17.13 (VS2022)

END.
